{"/home/emile/Desktop/Banka-iii/src/tests/userTests.js":{"path":"/home/emile/Desktop/Banka-iii/src/tests/userTests.js","statementMap":{"0":{"start":{"line":3,"column":12},"end":{"line":3,"column":51}},"1":{"start":{"line":5,"column":16},"end":{"line":5,"column":60}},"2":{"start":{"line":7,"column":22},"end":{"line":7,"column":82}},"3":{"start":{"line":9,"column":14},"end":{"line":9,"column":58}},"4":{"start":{"line":11,"column":12},"end":{"line":11,"column":61}},"5":{"start":{"line":13,"column":10},"end":{"line":13,"column":50}},"6":{"start":{"line":15,"column":39},"end":{"line":15,"column":95}},"7":{"start":{"line":18,"column":0},"end":{"line":18,"column":43}},"8":{"start":{"line":20,"column":0},"end":{"line":20,"column":26}},"9":{"start":{"line":22,"column":0},"end":{"line":133,"column":3}},"10":{"start":{"line":24,"column":2},"end":{"line":48,"column":5}},"11":{"start":{"line":25,"column":15},"end":{"line":34,"column":5}},"12":{"start":{"line":36,"column":4},"end":{"line":45,"column":7}},"13":{"start":{"line":37,"column":6},"end":{"line":37,"column":43}},"14":{"start":{"line":38,"column":6},"end":{"line":38,"column":38}},"15":{"start":{"line":39,"column":6},"end":{"line":39,"column":50}},"16":{"start":{"line":40,"column":6},"end":{"line":40,"column":54}},"17":{"start":{"line":41,"column":6},"end":{"line":41,"column":53}},"18":{"start":{"line":42,"column":6},"end":{"line":42,"column":50}},"19":{"start":{"line":43,"column":6},"end":{"line":43,"column":49}},"20":{"start":{"line":44,"column":6},"end":{"line":44,"column":52}},"21":{"start":{"line":47,"column":4},"end":{"line":47,"column":11}},"22":{"start":{"line":50,"column":2},"end":{"line":69,"column":5}},"23":{"start":{"line":51,"column":16},"end":{"line":60,"column":5}},"24":{"start":{"line":62,"column":4},"end":{"line":66,"column":7}},"25":{"start":{"line":63,"column":6},"end":{"line":63,"column":43}},"26":{"start":{"line":64,"column":6},"end":{"line":64,"column":38}},"27":{"start":{"line":65,"column":6},"end":{"line":65,"column":43}},"28":{"start":{"line":68,"column":4},"end":{"line":68,"column":11}},"29":{"start":{"line":71,"column":2},"end":{"line":90,"column":5}},"30":{"start":{"line":72,"column":16},"end":{"line":81,"column":5}},"31":{"start":{"line":83,"column":4},"end":{"line":87,"column":7}},"32":{"start":{"line":84,"column":6},"end":{"line":84,"column":43}},"33":{"start":{"line":85,"column":6},"end":{"line":85,"column":38}},"34":{"start":{"line":86,"column":6},"end":{"line":86,"column":43}},"35":{"start":{"line":89,"column":4},"end":{"line":89,"column":11}},"36":{"start":{"line":92,"column":2},"end":{"line":112,"column":5}},"37":{"start":{"line":93,"column":16},"end":{"line":103,"column":5}},"38":{"start":{"line":105,"column":4},"end":{"line":109,"column":7}},"39":{"start":{"line":106,"column":6},"end":{"line":106,"column":43}},"40":{"start":{"line":107,"column":6},"end":{"line":107,"column":38}},"41":{"start":{"line":108,"column":6},"end":{"line":108,"column":43}},"42":{"start":{"line":111,"column":4},"end":{"line":111,"column":11}},"43":{"start":{"line":114,"column":2},"end":{"line":132,"column":5}},"44":{"start":{"line":115,"column":16},"end":{"line":124,"column":5}},"45":{"start":{"line":126,"column":4},"end":{"line":129,"column":7}},"46":{"start":{"line":127,"column":6},"end":{"line":127,"column":43}},"47":{"start":{"line":128,"column":6},"end":{"line":128,"column":43}},"48":{"start":{"line":131,"column":4},"end":{"line":131,"column":11}}},"fnMap":{"0":{"name":"_interopRequireDefault","decl":{"start":{"line":15,"column":9},"end":{"line":15,"column":31}},"loc":{"start":{"line":15,"column":37},"end":{"line":15,"column":97}},"line":15},"1":{"name":"(anonymous_1)","decl":{"start":{"line":22,"column":23},"end":{"line":22,"column":24}},"loc":{"start":{"line":22,"column":35},"end":{"line":133,"column":1}},"line":22},"2":{"name":"(anonymous_2)","decl":{"start":{"line":24,"column":33},"end":{"line":24,"column":34}},"loc":{"start":{"line":24,"column":49},"end":{"line":48,"column":3}},"line":24},"3":{"name":"(anonymous_3)","decl":{"start":{"line":36,"column":92},"end":{"line":36,"column":93}},"loc":{"start":{"line":36,"column":112},"end":{"line":45,"column":5}},"line":36},"4":{"name":"(anonymous_4)","decl":{"start":{"line":50,"column":63},"end":{"line":50,"column":64}},"loc":{"start":{"line":50,"column":79},"end":{"line":69,"column":3}},"line":50},"5":{"name":"(anonymous_5)","decl":{"start":{"line":62,"column":93},"end":{"line":62,"column":94}},"loc":{"start":{"line":62,"column":113},"end":{"line":66,"column":5}},"line":62},"6":{"name":"(anonymous_6)","decl":{"start":{"line":71,"column":78},"end":{"line":71,"column":79}},"loc":{"start":{"line":71,"column":94},"end":{"line":90,"column":3}},"line":71},"7":{"name":"(anonymous_7)","decl":{"start":{"line":83,"column":93},"end":{"line":83,"column":94}},"loc":{"start":{"line":83,"column":113},"end":{"line":87,"column":5}},"line":83},"8":{"name":"(anonymous_8)","decl":{"start":{"line":92,"column":58},"end":{"line":92,"column":59}},"loc":{"start":{"line":92,"column":74},"end":{"line":112,"column":3}},"line":92},"9":{"name":"(anonymous_9)","decl":{"start":{"line":105,"column":93},"end":{"line":105,"column":94}},"loc":{"start":{"line":105,"column":113},"end":{"line":109,"column":5}},"line":105},"10":{"name":"(anonymous_10)","decl":{"start":{"line":114,"column":73},"end":{"line":114,"column":74}},"loc":{"start":{"line":114,"column":89},"end":{"line":132,"column":3}},"line":114},"11":{"name":"(anonymous_11)","decl":{"start":{"line":126,"column":93},"end":{"line":126,"column":94}},"loc":{"start":{"line":126,"column":113},"end":{"line":129,"column":5}},"line":126}},"branchMap":{"0":{"loc":{"start":{"line":15,"column":46},"end":{"line":15,"column":94}},"type":"cond-expr","locations":[{"start":{"line":15,"column":70},"end":{"line":15,"column":73}},{"start":{"line":15,"column":76},"end":{"line":15,"column":94}}],"line":15},"1":{"loc":{"start":{"line":15,"column":46},"end":{"line":15,"column":67}},"type":"binary-expr","locations":[{"start":{"line":15,"column":46},"end":{"line":15,"column":49}},{"start":{"line":15,"column":53},"end":{"line":15,"column":67}}],"line":15}},"s":{"0":1,"1":1,"2":1,"3":1,"4":1,"5":1,"6":6,"7":1,"8":1,"9":1,"10":1,"11":1,"12":1,"13":0,"14":0,"15":0,"16":0,"17":0,"18":0,"19":0,"20":0,"21":1,"22":1,"23":1,"24":1,"25":0,"26":0,"27":0,"28":1,"29":1,"30":1,"31":1,"32":0,"33":0,"34":0,"35":1,"36":1,"37":1,"38":1,"39":1,"40":1,"41":1,"42":1,"43":1,"44":1,"45":1,"46":1,"47":1,"48":1},"f":{"0":6,"1":1,"2":1,"3":0,"4":1,"5":0,"6":1,"7":0,"8":1,"9":1,"10":1,"11":1},"b":{"0":[4,2],"1":[6,6]},"_coverageSchema":"43e27e138ebf9cfc5966b082cf9a028302ed4184","hash":"c0314803216e3eb687b50992420066d46bc6895b","contentHash":"72e687cdf72dcf6ee499456a8968735b18357f019457dbda6d4e615893c4738a"},"/home/emile/Desktop/Banka-iii/src/helpers/tokenGenerator.js":{"path":"/home/emile/Desktop/Banka-iii/src/helpers/tokenGenerator.js","statementMap":{"0":{"start":{"line":3,"column":0},"end":{"line":5,"column":3}},"1":{"start":{"line":6,"column":0},"end":{"line":6,"column":28}},"2":{"start":{"line":8,"column":20},"end":{"line":8,"column":67}},"3":{"start":{"line":10,"column":14},"end":{"line":10,"column":55}},"4":{"start":{"line":12,"column":39},"end":{"line":12,"column":95}},"5":{"start":{"line":14,"column":50},"end":{"line":14,"column":151}},"6":{"start":{"line":14,"column":92},"end":{"line":14,"column":149}},"7":{"start":{"line":16,"column":44},"end":{"line":16,"column":315}},"8":{"start":{"line":16,"column":57},"end":{"line":16,"column":58}},"9":{"start":{"line":16,"column":102},"end":{"line":16,"column":110}},"10":{"start":{"line":16,"column":112},"end":{"line":16,"column":167}},"11":{"start":{"line":16,"column":168},"end":{"line":16,"column":199}},"12":{"start":{"line":16,"column":200},"end":{"line":16,"column":254}},"13":{"start":{"line":16,"column":227},"end":{"line":16,"column":254}},"14":{"start":{"line":16,"column":255},"end":{"line":16,"column":313}},"15":{"start":{"line":18,"column":62},"end":{"line":18,"column":131}},"16":{"start":{"line":18,"column":78},"end":{"line":18,"column":131}},"17":{"start":{"line":18,"column":132},"end":{"line":18,"column":193}},"18":{"start":{"line":18,"column":149},"end":{"line":18,"column":193}},"19":{"start":{"line":18,"column":194},"end":{"line":18,"column":213}},"20":{"start":{"line":20,"column":0},"end":{"line":20,"column":28}},"21":{"start":{"line":24,"column":0},"end":{"line":44,"column":3}},"22":{"start":{"line":26,"column":4},"end":{"line":26,"column":42}},"23":{"start":{"line":29,"column":2},"end":{"line":41,"column":6}},"24":{"start":{"line":32,"column":20},"end":{"line":37,"column":31}},"25":{"start":{"line":39,"column":6},"end":{"line":39,"column":21}},"26":{"start":{"line":43,"column":2},"end":{"line":43,"column":24}},"27":{"start":{"line":46,"column":15},"end":{"line":46,"column":29}},"28":{"start":{"line":47,"column":0},"end":{"line":47,"column":30}}},"fnMap":{"0":{"name":"_interopRequireDefault","decl":{"start":{"line":12,"column":9},"end":{"line":12,"column":31}},"loc":{"start":{"line":12,"column":37},"end":{"line":12,"column":97}},"line":12},"1":{"name":"_classCallCheck","decl":{"start":{"line":14,"column":9},"end":{"line":14,"column":24}},"loc":{"start":{"line":14,"column":48},"end":{"line":14,"column":153}},"line":14},"2":{"name":"_defineProperties","decl":{"start":{"line":16,"column":9},"end":{"line":16,"column":26}},"loc":{"start":{"line":16,"column":42},"end":{"line":16,"column":317}},"line":16},"3":{"name":"_createClass","decl":{"start":{"line":18,"column":9},"end":{"line":18,"column":21}},"loc":{"start":{"line":18,"column":60},"end":{"line":18,"column":215}},"line":18},"4":{"name":"(anonymous_4)","decl":{"start":{"line":24,"column":0},"end":{"line":24,"column":1}},"loc":{"start":{"line":24,"column":12},"end":{"line":44,"column":1}},"line":24},"5":{"name":"tokenGenerator","decl":{"start":{"line":25,"column":11},"end":{"line":25,"column":25}},"loc":{"start":{"line":25,"column":28},"end":{"line":27,"column":3}},"line":25},"6":{"name":"signToken","decl":{"start":{"line":31,"column":20},"end":{"line":31,"column":29}},"loc":{"start":{"line":31,"column":39},"end":{"line":40,"column":5}},"line":31}},"branchMap":{"0":{"loc":{"start":{"line":12,"column":46},"end":{"line":12,"column":94}},"type":"cond-expr","locations":[{"start":{"line":12,"column":70},"end":{"line":12,"column":73}},{"start":{"line":12,"column":76},"end":{"line":12,"column":94}}],"line":12},"1":{"loc":{"start":{"line":12,"column":46},"end":{"line":12,"column":67}},"type":"binary-expr","locations":[{"start":{"line":12,"column":46},"end":{"line":12,"column":49}},{"start":{"line":12,"column":53},"end":{"line":12,"column":67}}],"line":12},"2":{"loc":{"start":{"line":14,"column":50},"end":{"line":14,"column":151}},"type":"if","locations":[{"start":{"line":14,"column":50},"end":{"line":14,"column":151}},{"start":{"line":14,"column":50},"end":{"line":14,"column":151}}],"line":14},"3":{"loc":{"start":{"line":16,"column":136},"end":{"line":16,"column":166}},"type":"binary-expr","locations":[{"start":{"line":16,"column":136},"end":{"line":16,"column":157}},{"start":{"line":16,"column":161},"end":{"line":16,"column":166}}],"line":16},"4":{"loc":{"start":{"line":16,"column":200},"end":{"line":16,"column":254}},"type":"if","locations":[{"start":{"line":16,"column":200},"end":{"line":16,"column":254}},{"start":{"line":16,"column":200},"end":{"line":16,"column":254}}],"line":16},"5":{"loc":{"start":{"line":18,"column":62},"end":{"line":18,"column":131}},"type":"if","locations":[{"start":{"line":18,"column":62},"end":{"line":18,"column":131}},{"start":{"line":18,"column":62},"end":{"line":18,"column":131}}],"line":18},"6":{"loc":{"start":{"line":18,"column":132},"end":{"line":18,"column":193}},"type":"if","locations":[{"start":{"line":18,"column":132},"end":{"line":18,"column":193}},{"start":{"line":18,"column":132},"end":{"line":18,"column":193}}],"line":18}},"s":{"0":1,"1":1,"2":1,"3":1,"4":2,"5":0,"6":0,"7":1,"8":1,"9":1,"10":1,"11":1,"12":1,"13":1,"14":1,"15":1,"16":0,"17":1,"18":1,"19":1,"20":1,"21":1,"22":0,"23":1,"24":0,"25":0,"26":1,"27":1,"28":1},"f":{"0":2,"1":0,"2":1,"3":1,"4":1,"5":0,"6":0},"b":{"0":[0,2],"1":[2,2],"2":[0,0],"3":[1,1],"4":[1,0],"5":[0,1],"6":[1,0]},"_coverageSchema":"43e27e138ebf9cfc5966b082cf9a028302ed4184","hash":"ec309fb27a934d4031285accdc9ec4765dcc6920","contentHash":"817607f3523cd3e72fc640f2aae388746872d3377ff3ab8cfa2745b3c6fcefff"},"/home/emile/Desktop/Banka-iii/src/server.js":{"path":"/home/emile/Desktop/Banka-iii/src/server.js","statementMap":{"0":{"start":{"line":3,"column":0},"end":{"line":5,"column":3}},"1":{"start":{"line":6,"column":0},"end":{"line":6,"column":28}},"2":{"start":{"line":8,"column":15},"end":{"line":8,"column":57}},"3":{"start":{"line":10,"column":14},"end":{"line":10,"column":64}},"4":{"start":{"line":12,"column":39},"end":{"line":12,"column":95}},"5":{"start":{"line":14,"column":10},"end":{"line":14,"column":36}},"6":{"start":{"line":15,"column":0},"end":{"line":15,"column":36}},"7":{"start":{"line":16,"column":0},"end":{"line":16,"column":28}},"8":{"start":{"line":17,"column":11},"end":{"line":17,"column":35}},"9":{"start":{"line":18,"column":0},"end":{"line":18,"column":17}},"10":{"start":{"line":20,"column":0},"end":{"line":20,"column":45}},"11":{"start":{"line":21,"column":15},"end":{"line":21,"column":18}},"12":{"start":{"line":22,"column":0},"end":{"line":22,"column":30}}},"fnMap":{"0":{"name":"_interopRequireDefault","decl":{"start":{"line":12,"column":9},"end":{"line":12,"column":31}},"loc":{"start":{"line":12,"column":37},"end":{"line":12,"column":97}},"line":12}},"branchMap":{"0":{"loc":{"start":{"line":12,"column":46},"end":{"line":12,"column":94}},"type":"cond-expr","locations":[{"start":{"line":12,"column":70},"end":{"line":12,"column":73}},{"start":{"line":12,"column":76},"end":{"line":12,"column":94}}],"line":12},"1":{"loc":{"start":{"line":12,"column":46},"end":{"line":12,"column":67}},"type":"binary-expr","locations":[{"start":{"line":12,"column":46},"end":{"line":12,"column":49}},{"start":{"line":12,"column":53},"end":{"line":12,"column":67}}],"line":12},"2":{"loc":{"start":{"line":17,"column":11},"end":{"line":17,"column":35}},"type":"binary-expr","locations":[{"start":{"line":17,"column":11},"end":{"line":17,"column":27}},{"start":{"line":17,"column":31},"end":{"line":17,"column":35}}],"line":17}},"s":{"0":1,"1":1,"2":1,"3":1,"4":2,"5":1,"6":1,"7":1,"8":1,"9":1,"10":1,"11":1,"12":1},"f":{"0":2},"b":{"0":[1,1],"1":[2,2],"2":[1,1]},"_coverageSchema":"43e27e138ebf9cfc5966b082cf9a028302ed4184","hash":"c7c01fb536ee183654b38c7502d9bf39fb0621b4","contentHash":"f3231810813612fed0e3198a2eebf8c2388b6a3ef65937e20afa4ecc28d25ed3"},"/home/emile/Desktop/Banka-iii/src/router/router.js":{"path":"/home/emile/Desktop/Banka-iii/src/router/router.js","statementMap":{"0":{"start":{"line":3,"column":0},"end":{"line":5,"column":3}},"1":{"start":{"line":6,"column":0},"end":{"line":6,"column":28}},"2":{"start":{"line":8,"column":15},"end":{"line":8,"column":57}},"3":{"start":{"line":10,"column":12},"end":{"line":10,"column":69}},"4":{"start":{"line":12,"column":22},"end":{"line":12,"column":86}},"5":{"start":{"line":14,"column":25},"end":{"line":14,"column":92}},"6":{"start":{"line":16,"column":17},"end":{"line":16,"column":72}},"7":{"start":{"line":18,"column":29},"end":{"line":18,"column":100}},"8":{"start":{"line":20,"column":19},"end":{"line":20,"column":76}},"9":{"start":{"line":22,"column":39},"end":{"line":22,"column":95}},"10":{"start":{"line":24,"column":12},"end":{"line":24,"column":40}},"11":{"start":{"line":26,"column":0},"end":{"line":26,"column":51}},"12":{"start":{"line":28,"column":0},"end":{"line":28,"column":105}},"13":{"start":{"line":29,"column":0},"end":{"line":29,"column":100}},"14":{"start":{"line":31,"column":0},"end":{"line":31,"column":142}},"15":{"start":{"line":32,"column":0},"end":{"line":32,"column":188}},"16":{"start":{"line":33,"column":0},"end":{"line":33,"column":126}},"17":{"start":{"line":34,"column":0},"end":{"line":34,"column":135}},"18":{"start":{"line":35,"column":0},"end":{"line":35,"column":140}},"19":{"start":{"line":36,"column":0},"end":{"line":36,"column":131}},"20":{"start":{"line":37,"column":0},"end":{"line":37,"column":141}},"21":{"start":{"line":39,"column":0},"end":{"line":39,"column":202}},"22":{"start":{"line":40,"column":0},"end":{"line":40,"column":204}},"23":{"start":{"line":41,"column":0},"end":{"line":41,"column":162}},"24":{"start":{"line":42,"column":0},"end":{"line":42,"column":150}},"25":{"start":{"line":43,"column":0},"end":{"line":43,"column":107}},"26":{"start":{"line":44,"column":15},"end":{"line":44,"column":20}},"27":{"start":{"line":45,"column":0},"end":{"line":45,"column":30}}},"fnMap":{"0":{"name":"_interopRequireDefault","decl":{"start":{"line":22,"column":9},"end":{"line":22,"column":31}},"loc":{"start":{"line":22,"column":37},"end":{"line":22,"column":97}},"line":22}},"branchMap":{"0":{"loc":{"start":{"line":22,"column":46},"end":{"line":22,"column":94}},"type":"cond-expr","locations":[{"start":{"line":22,"column":70},"end":{"line":22,"column":73}},{"start":{"line":22,"column":76},"end":{"line":22,"column":94}}],"line":22},"1":{"loc":{"start":{"line":22,"column":46},"end":{"line":22,"column":67}},"type":"binary-expr","locations":[{"start":{"line":22,"column":46},"end":{"line":22,"column":49}},{"start":{"line":22,"column":53},"end":{"line":22,"column":67}}],"line":22}},"s":{"0":1,"1":1,"2":1,"3":1,"4":1,"5":1,"6":1,"7":1,"8":1,"9":7,"10":1,"11":1,"12":1,"13":1,"14":1,"15":1,"16":1,"17":1,"18":1,"19":1,"20":1,"21":1,"22":1,"23":1,"24":1,"25":1,"26":1,"27":1},"f":{"0":7},"b":{"0":[6,1],"1":[7,7]},"_coverageSchema":"43e27e138ebf9cfc5966b082cf9a028302ed4184","hash":"d567f1071429488e91ade80027c12c3b01a76cac","contentHash":"bfc5c3352ed4824cfda48dcb3dd21107386f7596b20e640cf34e065cb23943e5"},"/home/emile/Desktop/Banka-iii/src/authentication/auth.js":{"path":"/home/emile/Desktop/Banka-iii/src/authentication/auth.js","statementMap":{"0":{"start":{"line":3,"column":0},"end":{"line":5,"column":3}},"1":{"start":{"line":6,"column":0},"end":{"line":6,"column":28}},"2":{"start":{"line":8,"column":20},"end":{"line":8,"column":67}},"3":{"start":{"line":10,"column":14},"end":{"line":10,"column":55}},"4":{"start":{"line":12,"column":39},"end":{"line":12,"column":95}},"5":{"start":{"line":14,"column":0},"end":{"line":14,"column":28}},"6":{"start":{"line":16,"column":15},"end":{"line":30,"column":1}},"7":{"start":{"line":17,"column":13},"end":{"line":17,"column":30}},"8":{"start":{"line":19,"column":2},"end":{"line":29,"column":5}},"9":{"start":{"line":20,"column":4},"end":{"line":25,"column":5}},"10":{"start":{"line":21,"column":6},"end":{"line":24,"column":9}},"11":{"start":{"line":27,"column":4},"end":{"line":27,"column":22}},"12":{"start":{"line":28,"column":4},"end":{"line":28,"column":11}},"13":{"start":{"line":32,"column":15},"end":{"line":32,"column":23}},"14":{"start":{"line":33,"column":0},"end":{"line":33,"column":30}}},"fnMap":{"0":{"name":"_interopRequireDefault","decl":{"start":{"line":12,"column":9},"end":{"line":12,"column":31}},"loc":{"start":{"line":12,"column":37},"end":{"line":12,"column":97}},"line":12},"1":{"name":"verifyMe","decl":{"start":{"line":16,"column":24},"end":{"line":16,"column":32}},"loc":{"start":{"line":16,"column":49},"end":{"line":30,"column":1}},"line":16},"2":{"name":"(anonymous_2)","decl":{"start":{"line":19,"column":63},"end":{"line":19,"column":64}},"loc":{"start":{"line":19,"column":88},"end":{"line":29,"column":3}},"line":19}},"branchMap":{"0":{"loc":{"start":{"line":12,"column":46},"end":{"line":12,"column":94}},"type":"cond-expr","locations":[{"start":{"line":12,"column":70},"end":{"line":12,"column":73}},{"start":{"line":12,"column":76},"end":{"line":12,"column":94}}],"line":12},"1":{"loc":{"start":{"line":12,"column":46},"end":{"line":12,"column":67}},"type":"binary-expr","locations":[{"start":{"line":12,"column":46},"end":{"line":12,"column":49}},{"start":{"line":12,"column":53},"end":{"line":12,"column":67}}],"line":12},"2":{"loc":{"start":{"line":20,"column":4},"end":{"line":25,"column":5}},"type":"if","locations":[{"start":{"line":20,"column":4},"end":{"line":25,"column":5}},{"start":{"line":20,"column":4},"end":{"line":25,"column":5}}],"line":20}},"s":{"0":1,"1":1,"2":1,"3":1,"4":2,"5":1,"6":1,"7":0,"8":0,"9":0,"10":0,"11":0,"12":0,"13":1,"14":1},"f":{"0":2,"1":0,"2":0},"b":{"0":[0,2],"1":[2,2],"2":[0,0]},"_coverageSchema":"43e27e138ebf9cfc5966b082cf9a028302ed4184","hash":"628255971458116ad37e360521791992345dd01f","contentHash":"8a6bdba2b89f3c4a88c7b7f4bf4bc3fcfe9074443b0a9bad6f8c8bde8b41782d"},"/home/emile/Desktop/Banka-iii/src/controllers/userController.js":{"path":"/home/emile/Desktop/Banka-iii/src/controllers/userController.js","statementMap":{"0":{"start":{"line":3,"column":0},"end":{"line":5,"column":3}},"1":{"start":{"line":6,"column":0},"end":{"line":6,"column":28}},"2":{"start":{"line":8,"column":14},"end":{"line":8,"column":55}},"3":{"start":{"line":10,"column":22},"end":{"line":10,"column":82}},"4":{"start":{"line":12,"column":12},"end":{"line":12,"column":61}},"5":{"start":{"line":14,"column":15},"end":{"line":14,"column":68}},"6":{"start":{"line":16,"column":17},"end":{"line":16,"column":64}},"7":{"start":{"line":18,"column":14},"end":{"line":18,"column":66}},"8":{"start":{"line":20,"column":39},"end":{"line":20,"column":95}},"9":{"start":{"line":22,"column":77},"end":{"line":22,"column":175}},"10":{"start":{"line":22,"column":94},"end":{"line":22,"column":107}},"11":{"start":{"line":22,"column":121},"end":{"line":22,"column":131}},"12":{"start":{"line":22,"column":151},"end":{"line":22,"column":165}},"13":{"start":{"line":22,"column":166},"end":{"line":22,"column":173}},"14":{"start":{"line":22,"column":176},"end":{"line":22,"column":263}},"15":{"start":{"line":22,"column":193},"end":{"line":22,"column":208}},"16":{"start":{"line":22,"column":218},"end":{"line":22,"column":261}},"17":{"start":{"line":24,"column":33},"end":{"line":24,"column":387}},"18":{"start":{"line":24,"column":65},"end":{"line":24,"column":69}},"19":{"start":{"line":24,"column":78},"end":{"line":24,"column":87}},"20":{"start":{"line":24,"column":89},"end":{"line":24,"column":384}},"21":{"start":{"line":24,"column":147},"end":{"line":24,"column":167}},"22":{"start":{"line":24,"column":193},"end":{"line":24,"column":264}},"23":{"start":{"line":24,"column":290},"end":{"line":24,"column":360}},"24":{"start":{"line":24,"column":363},"end":{"line":24,"column":380}},"25":{"start":{"line":26,"column":50},"end":{"line":26,"column":151}},"26":{"start":{"line":26,"column":92},"end":{"line":26,"column":149}},"27":{"start":{"line":28,"column":44},"end":{"line":28,"column":315}},"28":{"start":{"line":28,"column":57},"end":{"line":28,"column":58}},"29":{"start":{"line":28,"column":102},"end":{"line":28,"column":110}},"30":{"start":{"line":28,"column":112},"end":{"line":28,"column":167}},"31":{"start":{"line":28,"column":168},"end":{"line":28,"column":199}},"32":{"start":{"line":28,"column":200},"end":{"line":28,"column":254}},"33":{"start":{"line":28,"column":227},"end":{"line":28,"column":254}},"34":{"start":{"line":28,"column":255},"end":{"line":28,"column":313}},"35":{"start":{"line":30,"column":62},"end":{"line":30,"column":131}},"36":{"start":{"line":30,"column":78},"end":{"line":30,"column":131}},"37":{"start":{"line":30,"column":132},"end":{"line":30,"column":193}},"38":{"start":{"line":30,"column":149},"end":{"line":30,"column":193}},"39":{"start":{"line":30,"column":194},"end":{"line":30,"column":213}},"40":{"start":{"line":32,"column":0},"end":{"line":32,"column":28}},"41":{"start":{"line":36,"column":0},"end":{"line":203,"column":3}},"42":{"start":{"line":38,"column":4},"end":{"line":38,"column":42}},"43":{"start":{"line":41,"column":2},"end":{"line":200,"column":6}},"44":{"start":{"line":44,"column":6},"end":{"line":44,"column":43}},"45":{"start":{"line":50,"column":20},"end":{"line":128,"column":9}},"46":{"start":{"line":55,"column":8},"end":{"line":127,"column":20}},"47":{"start":{"line":56,"column":10},"end":{"line":126,"column":11}},"48":{"start":{"line":57,"column":12},"end":{"line":125,"column":13}},"49":{"start":{"line":59,"column":16},"end":{"line":59,"column":281}},"50":{"start":{"line":60,"column":16},"end":{"line":60,"column":34}},"51":{"start":{"line":61,"column":16},"end":{"line":61,"column":69}},"52":{"start":{"line":64,"column":16},"end":{"line":64,"column":41}},"53":{"start":{"line":66,"column":16},"end":{"line":69,"column":17}},"54":{"start":{"line":67,"column":18},"end":{"line":67,"column":36}},"55":{"start":{"line":68,"column":18},"end":{"line":68,"column":24}},"56":{"start":{"line":71,"column":16},"end":{"line":74,"column":20}},"57":{"start":{"line":77,"column":16},"end":{"line":80,"column":17}},"58":{"start":{"line":78,"column":18},"end":{"line":78,"column":36}},"59":{"start":{"line":79,"column":18},"end":{"line":79,"column":24}},"60":{"start":{"line":82,"column":16},"end":{"line":85,"column":20}},"61":{"start":{"line":88,"column":16},"end":{"line":88,"column":35}},"62":{"start":{"line":89,"column":16},"end":{"line":89,"column":147}},"63":{"start":{"line":92,"column":16},"end":{"line":92,"column":40}},"64":{"start":{"line":94,"column":16},"end":{"line":97,"column":17}},"65":{"start":{"line":95,"column":18},"end":{"line":95,"column":37}},"66":{"start":{"line":96,"column":18},"end":{"line":96,"column":24}},"67":{"start":{"line":99,"column":16},"end":{"line":99,"column":70}},"68":{"start":{"line":100,"column":16},"end":{"line":114,"column":20}},"69":{"start":{"line":117,"column":16},"end":{"line":120,"column":20}},"70":{"start":{"line":124,"column":16},"end":{"line":124,"column":39}},"71":{"start":{"line":131,"column":8},"end":{"line":131,"column":46}},"72":{"start":{"line":134,"column":6},"end":{"line":134,"column":20}},"73":{"start":{"line":140,"column":19},"end":{"line":192,"column":9}},"74":{"start":{"line":144,"column":8},"end":{"line":191,"column":21}},"75":{"start":{"line":145,"column":10},"end":{"line":190,"column":11}},"76":{"start":{"line":146,"column":12},"end":{"line":189,"column":13}},"77":{"start":{"line":148,"column":16},"end":{"line":148,"column":35}},"78":{"start":{"line":149,"column":16},"end":{"line":149,"column":69}},"79":{"start":{"line":152,"column":16},"end":{"line":152,"column":42}},"80":{"start":{"line":154,"column":16},"end":{"line":157,"column":17}},"81":{"start":{"line":155,"column":18},"end":{"line":155,"column":37}},"82":{"start":{"line":156,"column":18},"end":{"line":156,"column":24}},"83":{"start":{"line":159,"column":16},"end":{"line":162,"column":17}},"84":{"start":{"line":160,"column":18},"end":{"line":160,"column":37}},"85":{"start":{"line":161,"column":18},"end":{"line":161,"column":24}},"86":{"start":{"line":164,"column":16},"end":{"line":164,"column":81}},"87":{"start":{"line":165,"column":16},"end":{"line":165,"column":40}},"88":{"start":{"line":166,"column":16},"end":{"line":172,"column":20}},"89":{"start":{"line":175,"column":16},"end":{"line":178,"column":20}},"90":{"start":{"line":181,"column":16},"end":{"line":184,"column":20}},"91":{"start":{"line":188,"column":16},"end":{"line":188,"column":40}},"92":{"start":{"line":195,"column":8},"end":{"line":195,"column":45}},"93":{"start":{"line":198,"column":6},"end":{"line":198,"column":19}},"94":{"start":{"line":202,"column":2},"end":{"line":202,"column":24}},"95":{"start":{"line":205,"column":15},"end":{"line":205,"column":29}},"96":{"start":{"line":206,"column":0},"end":{"line":206,"column":30}}},"fnMap":{"0":{"name":"_interopRequireDefault","decl":{"start":{"line":20,"column":9},"end":{"line":20,"column":31}},"loc":{"start":{"line":20,"column":37},"end":{"line":20,"column":97}},"line":20},"1":{"name":"asyncGeneratorStep","decl":{"start":{"line":22,"column":9},"end":{"line":22,"column":27}},"loc":{"start":{"line":22,"column":75},"end":{"line":22,"column":265}},"line":22},"2":{"name":"_asyncToGenerator","decl":{"start":{"line":24,"column":9},"end":{"line":24,"column":26}},"loc":{"start":{"line":24,"column":31},"end":{"line":24,"column":389}},"line":24},"3":{"name":"(anonymous_3)","decl":{"start":{"line":24,"column":40},"end":{"line":24,"column":41}},"loc":{"start":{"line":24,"column":52},"end":{"line":24,"column":386}},"line":24},"4":{"name":"(anonymous_4)","decl":{"start":{"line":24,"column":108},"end":{"line":24,"column":109}},"loc":{"start":{"line":24,"column":135},"end":{"line":24,"column":382}},"line":24},"5":{"name":"_next","decl":{"start":{"line":24,"column":178},"end":{"line":24,"column":183}},"loc":{"start":{"line":24,"column":191},"end":{"line":24,"column":266}},"line":24},"6":{"name":"_throw","decl":{"start":{"line":24,"column":276},"end":{"line":24,"column":282}},"loc":{"start":{"line":24,"column":288},"end":{"line":24,"column":362}},"line":24},"7":{"name":"_classCallCheck","decl":{"start":{"line":26,"column":9},"end":{"line":26,"column":24}},"loc":{"start":{"line":26,"column":48},"end":{"line":26,"column":153}},"line":26},"8":{"name":"_defineProperties","decl":{"start":{"line":28,"column":9},"end":{"line":28,"column":26}},"loc":{"start":{"line":28,"column":42},"end":{"line":28,"column":317}},"line":28},"9":{"name":"_createClass","decl":{"start":{"line":30,"column":9},"end":{"line":30,"column":21}},"loc":{"start":{"line":30,"column":60},"end":{"line":30,"column":215}},"line":30},"10":{"name":"(anonymous_10)","decl":{"start":{"line":36,"column":0},"end":{"line":36,"column":1}},"loc":{"start":{"line":36,"column":12},"end":{"line":203,"column":1}},"line":36},"11":{"name":"userController","decl":{"start":{"line":37,"column":11},"end":{"line":37,"column":25}},"loc":{"start":{"line":37,"column":28},"end":{"line":39,"column":3}},"line":37},"12":{"name":"welcome","decl":{"start":{"line":43,"column":20},"end":{"line":43,"column":27}},"loc":{"start":{"line":43,"column":38},"end":{"line":45,"column":5}},"line":43},"13":{"name":"(anonymous_13)","decl":{"start":{"line":49,"column":11},"end":{"line":49,"column":12}},"loc":{"start":{"line":49,"column":23},"end":{"line":135,"column":5}},"line":49},"14":{"name":"_callee","decl":{"start":{"line":52,"column":39},"end":{"line":52,"column":46}},"loc":{"start":{"line":52,"column":57},"end":{"line":128,"column":7}},"line":52},"15":{"name":"_callee$","decl":{"start":{"line":55,"column":48},"end":{"line":55,"column":56}},"loc":{"start":{"line":55,"column":67},"end":{"line":127,"column":9}},"line":55},"16":{"name":"signup","decl":{"start":{"line":130,"column":15},"end":{"line":130,"column":21}},"loc":{"start":{"line":130,"column":31},"end":{"line":132,"column":7}},"line":130},"17":{"name":"(anonymous_17)","decl":{"start":{"line":139,"column":11},"end":{"line":139,"column":12}},"loc":{"start":{"line":139,"column":23},"end":{"line":199,"column":5}},"line":139},"18":{"name":"_callee2","decl":{"start":{"line":142,"column":39},"end":{"line":142,"column":47}},"loc":{"start":{"line":142,"column":58},"end":{"line":192,"column":7}},"line":142},"19":{"name":"_callee2$","decl":{"start":{"line":144,"column":48},"end":{"line":144,"column":57}},"loc":{"start":{"line":144,"column":69},"end":{"line":191,"column":9}},"line":144},"20":{"name":"login","decl":{"start":{"line":194,"column":15},"end":{"line":194,"column":20}},"loc":{"start":{"line":194,"column":31},"end":{"line":196,"column":7}},"line":194}},"branchMap":{"0":{"loc":{"start":{"line":20,"column":46},"end":{"line":20,"column":94}},"type":"cond-expr","locations":[{"start":{"line":20,"column":70},"end":{"line":20,"column":73}},{"start":{"line":20,"column":76},"end":{"line":20,"column":94}}],"line":20},"1":{"loc":{"start":{"line":20,"column":46},"end":{"line":20,"column":67}},"type":"binary-expr","locations":[{"start":{"line":20,"column":46},"end":{"line":20,"column":49}},{"start":{"line":20,"column":53},"end":{"line":20,"column":67}}],"line":20},"2":{"loc":{"start":{"line":22,"column":176},"end":{"line":22,"column":263}},"type":"if","locations":[{"start":{"line":22,"column":176},"end":{"line":22,"column":263}},{"start":{"line":22,"column":176},"end":{"line":22,"column":263}}],"line":22},"3":{"loc":{"start":{"line":26,"column":50},"end":{"line":26,"column":151}},"type":"if","locations":[{"start":{"line":26,"column":50},"end":{"line":26,"column":151}},{"start":{"line":26,"column":50},"end":{"line":26,"column":151}}],"line":26},"4":{"loc":{"start":{"line":28,"column":136},"end":{"line":28,"column":166}},"type":"binary-expr","locations":[{"start":{"line":28,"column":136},"end":{"line":28,"column":157}},{"start":{"line":28,"column":161},"end":{"line":28,"column":166}}],"line":28},"5":{"loc":{"start":{"line":28,"column":200},"end":{"line":28,"column":254}},"type":"if","locations":[{"start":{"line":28,"column":200},"end":{"line":28,"column":254}},{"start":{"line":28,"column":200},"end":{"line":28,"column":254}}],"line":28},"6":{"loc":{"start":{"line":30,"column":62},"end":{"line":30,"column":131}},"type":"if","locations":[{"start":{"line":30,"column":62},"end":{"line":30,"column":131}},{"start":{"line":30,"column":62},"end":{"line":30,"column":131}}],"line":30},"7":{"loc":{"start":{"line":30,"column":132},"end":{"line":30,"column":193}},"type":"if","locations":[{"start":{"line":30,"column":132},"end":{"line":30,"column":193}},{"start":{"line":30,"column":132},"end":{"line":30,"column":193}}],"line":30},"8":{"loc":{"start":{"line":57,"column":12},"end":{"line":125,"column":13}},"type":"switch","locations":[{"start":{"line":58,"column":14},"end":{"line":61,"column":69}},{"start":{"line":63,"column":14},"end":{"line":74,"column":20}},{"start":{"line":76,"column":14},"end":{"line":85,"column":20}},{"start":{"line":87,"column":14},"end":{"line":89,"column":147}},{"start":{"line":91,"column":14},"end":{"line":114,"column":20}},{"start":{"line":116,"column":14},"end":{"line":120,"column":20}},{"start":{"line":122,"column":14},"end":{"line":122,"column":22}},{"start":{"line":123,"column":14},"end":{"line":124,"column":39}}],"line":57},"9":{"loc":{"start":{"line":66,"column":16},"end":{"line":69,"column":17}},"type":"if","locations":[{"start":{"line":66,"column":16},"end":{"line":69,"column":17}},{"start":{"line":66,"column":16},"end":{"line":69,"column":17}}],"line":66},"10":{"loc":{"start":{"line":77,"column":16},"end":{"line":80,"column":17}},"type":"if","locations":[{"start":{"line":77,"column":16},"end":{"line":80,"column":17}},{"start":{"line":77,"column":16},"end":{"line":80,"column":17}}],"line":77},"11":{"loc":{"start":{"line":94,"column":16},"end":{"line":97,"column":17}},"type":"if","locations":[{"start":{"line":94,"column":16},"end":{"line":97,"column":17}},{"start":{"line":94,"column":16},"end":{"line":97,"column":17}}],"line":94},"12":{"loc":{"start":{"line":146,"column":12},"end":{"line":189,"column":13}},"type":"switch","locations":[{"start":{"line":147,"column":14},"end":{"line":149,"column":69}},{"start":{"line":151,"column":14},"end":{"line":172,"column":20}},{"start":{"line":174,"column":14},"end":{"line":178,"column":20}},{"start":{"line":180,"column":14},"end":{"line":184,"column":20}},{"start":{"line":186,"column":14},"end":{"line":186,"column":22}},{"start":{"line":187,"column":14},"end":{"line":188,"column":40}}],"line":146},"13":{"loc":{"start":{"line":154,"column":16},"end":{"line":157,"column":17}},"type":"if","locations":[{"start":{"line":154,"column":16},"end":{"line":157,"column":17}},{"start":{"line":154,"column":16},"end":{"line":157,"column":17}}],"line":154},"14":{"loc":{"start":{"line":159,"column":16},"end":{"line":162,"column":17}},"type":"if","locations":[{"start":{"line":159,"column":16},"end":{"line":162,"column":17}},{"start":{"line":159,"column":16},"end":{"line":162,"column":17}}],"line":159}},"s":{"0":1,"1":1,"2":1,"3":1,"4":1,"5":1,"6":1,"7":1,"8":6,"9":6,"10":6,"11":3,"12":3,"13":3,"14":3,"15":0,"16":3,"17":2,"18":3,"19":3,"20":3,"21":3,"22":3,"23":3,"24":3,"25":0,"26":0,"27":1,"28":1,"29":3,"30":3,"31":3,"32":3,"33":3,"34":3,"35":1,"36":0,"37":1,"38":1,"39":1,"40":1,"41":1,"42":0,"43":1,"44":0,"45":1,"46":3,"47":6,"48":6,"49":3,"50":3,"51":3,"52":0,"53":0,"54":0,"55":0,"56":0,"57":0,"58":0,"59":0,"60":0,"61":0,"62":0,"63":0,"64":0,"65":0,"66":0,"67":0,"68":0,"69":0,"70":3,"71":3,"72":1,"73":1,"74":0,"75":0,"76":0,"77":0,"78":0,"79":0,"80":0,"81":0,"82":0,"83":0,"84":0,"85":0,"86":0,"87":0,"88":0,"89":0,"90":0,"91":0,"92":0,"93":1,"94":1,"95":1,"96":1},"f":{"0":6,"1":6,"2":2,"3":3,"4":3,"5":3,"6":3,"7":0,"8":1,"9":1,"10":1,"11":0,"12":0,"13":1,"14":3,"15":6,"16":3,"17":1,"18":0,"19":0,"20":0},"b":{"0":[4,2],"1":[6,6],"2":[0,3],"3":[0,0],"4":[3,3],"5":[3,0],"6":[0,1],"7":[1,0],"8":[3,0,0,0,0,0,0,3],"9":[0,0],"10":[0,0],"11":[0,0],"12":[0,0,0,0,0,0],"13":[0,0],"14":[0,0]},"_coverageSchema":"43e27e138ebf9cfc5966b082cf9a028302ed4184","hash":"7c391ff8eee19156ecde24711cd56c2bca7dc9e3","contentHash":"f4b30813991bfc9620fca0a7b4948db7d95259c5ebf154cd0c50183f8603955d"},"/home/emile/Desktop/Banka-iii/src/models/user.js":{"path":"/home/emile/Desktop/Banka-iii/src/models/user.js","statementMap":{"0":{"start":{"line":3,"column":0},"end":{"line":5,"column":3}},"1":{"start":{"line":6,"column":0},"end":{"line":6,"column":28}},"2":{"start":{"line":7,"column":16},"end":{"line":7,"column":387}},"3":{"start":{"line":8,"column":14},"end":{"line":8,"column":253}},"4":{"start":{"line":9,"column":17},"end":{"line":9,"column":55}},"5":{"start":{"line":10,"column":17},"end":{"line":10,"column":57}},"6":{"start":{"line":11,"column":21},"end":{"line":11,"column":62}},"7":{"start":{"line":12,"column":15},"end":{"line":18,"column":1}},"8":{"start":{"line":19,"column":0},"end":{"line":19,"column":30}}},"fnMap":{},"branchMap":{},"s":{"0":1,"1":1,"2":1,"3":1,"4":1,"5":1,"6":1,"7":1,"8":1},"f":{},"b":{},"_coverageSchema":"43e27e138ebf9cfc5966b082cf9a028302ed4184","hash":"aea827fc59c1889362ad9a75ea2166b6938511d7","contentHash":"29a55d207ba5fcf051fa1133cc39c12c6a589e040ea6c43613b47b2e17c1b9be"},"/home/emile/Desktop/Banka-iii/src/helpers/welcome.js":{"path":"/home/emile/Desktop/Banka-iii/src/helpers/welcome.js","statementMap":{"0":{"start":{"line":3,"column":0},"end":{"line":5,"column":3}},"1":{"start":{"line":6,"column":0},"end":{"line":6,"column":28}},"2":{"start":{"line":7,"column":12},"end":{"line":7,"column":772}},"3":{"start":{"line":8,"column":15},"end":{"line":8,"column":20}},"4":{"start":{"line":9,"column":0},"end":{"line":9,"column":30}}},"fnMap":{},"branchMap":{},"s":{"0":1,"1":1,"2":1,"3":1,"4":1},"f":{},"b":{},"_coverageSchema":"43e27e138ebf9cfc5966b082cf9a028302ed4184","hash":"5844a32c697dde358c7ef425fba33c2019999132","contentHash":"6349788bba5cca34072d4827ca7b7db6c3f2dc0348110b1059c5774e8e14eeef"},"/home/emile/Desktop/Banka-iii/src/dbConnect.js":{"path":"/home/emile/Desktop/Banka-iii/src/dbConnect.js","statementMap":{"0":{"start":{"line":3,"column":10},"end":{"line":3,"column":23}},"1":{"start":{"line":5,"column":14},"end":{"line":5,"column":55}},"2":{"start":{"line":7,"column":39},"end":{"line":7,"column":95}},"3":{"start":{"line":9,"column":0},"end":{"line":9,"column":28}},"4":{"start":{"line":11,"column":0},"end":{"line":15,"column":1}},"5":{"start":{"line":12,"column":2},"end":{"line":14,"column":5}},"6":{"start":{"line":17,"column":0},"end":{"line":21,"column":1}},"7":{"start":{"line":18,"column":2},"end":{"line":20,"column":5}}},"fnMap":{"0":{"name":"_interopRequireDefault","decl":{"start":{"line":7,"column":9},"end":{"line":7,"column":31}},"loc":{"start":{"line":7,"column":37},"end":{"line":7,"column":97}},"line":7}},"branchMap":{"0":{"loc":{"start":{"line":7,"column":46},"end":{"line":7,"column":94}},"type":"cond-expr","locations":[{"start":{"line":7,"column":70},"end":{"line":7,"column":73}},{"start":{"line":7,"column":76},"end":{"line":7,"column":94}}],"line":7},"1":{"loc":{"start":{"line":7,"column":46},"end":{"line":7,"column":67}},"type":"binary-expr","locations":[{"start":{"line":7,"column":46},"end":{"line":7,"column":49}},{"start":{"line":7,"column":53},"end":{"line":7,"column":67}}],"line":7},"2":{"loc":{"start":{"line":11,"column":0},"end":{"line":15,"column":1}},"type":"if","locations":[{"start":{"line":11,"column":0},"end":{"line":15,"column":1}},{"start":{"line":11,"column":0},"end":{"line":15,"column":1}}],"line":11},"3":{"loc":{"start":{"line":17,"column":0},"end":{"line":21,"column":1}},"type":"if","locations":[{"start":{"line":17,"column":0},"end":{"line":21,"column":1}},{"start":{"line":17,"column":0},"end":{"line":21,"column":1}}],"line":17}},"s":{"0":1,"1":1,"2":1,"3":1,"4":1,"5":1,"6":1,"7":0},"f":{"0":1},"b":{"0":[0,1],"1":[1,1],"2":[1,0],"3":[0,1]},"_coverageSchema":"43e27e138ebf9cfc5966b082cf9a028302ed4184","hash":"66ebd998b72e72c1ff4a26ee0f9224f5ebad9b72","contentHash":"7ada2a997280df4544fe0a372096ccd05e4115c9ce76601881275b77f89a2c6e"},"/home/emile/Desktop/Banka-iii/src/helpers/search.js":{"path":"/home/emile/Desktop/Banka-iii/src/helpers/search.js","statementMap":{"0":{"start":{"line":3,"column":0},"end":{"line":5,"column":3}},"1":{"start":{"line":6,"column":0},"end":{"line":6,"column":28}},"2":{"start":{"line":8,"column":17},"end":{"line":8,"column":64}},"3":{"start":{"line":10,"column":12},"end":{"line":10,"column":61}},"4":{"start":{"line":12,"column":19},"end":{"line":12,"column":75}},"5":{"start":{"line":14,"column":39},"end":{"line":14,"column":95}},"6":{"start":{"line":16,"column":77},"end":{"line":16,"column":175}},"7":{"start":{"line":16,"column":94},"end":{"line":16,"column":107}},"8":{"start":{"line":16,"column":121},"end":{"line":16,"column":131}},"9":{"start":{"line":16,"column":151},"end":{"line":16,"column":165}},"10":{"start":{"line":16,"column":166},"end":{"line":16,"column":173}},"11":{"start":{"line":16,"column":176},"end":{"line":16,"column":263}},"12":{"start":{"line":16,"column":193},"end":{"line":16,"column":208}},"13":{"start":{"line":16,"column":218},"end":{"line":16,"column":261}},"14":{"start":{"line":18,"column":33},"end":{"line":18,"column":387}},"15":{"start":{"line":18,"column":65},"end":{"line":18,"column":69}},"16":{"start":{"line":18,"column":78},"end":{"line":18,"column":87}},"17":{"start":{"line":18,"column":89},"end":{"line":18,"column":384}},"18":{"start":{"line":18,"column":147},"end":{"line":18,"column":167}},"19":{"start":{"line":18,"column":193},"end":{"line":18,"column":264}},"20":{"start":{"line":18,"column":290},"end":{"line":18,"column":360}},"21":{"start":{"line":18,"column":363},"end":{"line":18,"column":380}},"22":{"start":{"line":20,"column":50},"end":{"line":20,"column":151}},"23":{"start":{"line":20,"column":92},"end":{"line":20,"column":149}},"24":{"start":{"line":22,"column":44},"end":{"line":22,"column":315}},"25":{"start":{"line":22,"column":57},"end":{"line":22,"column":58}},"26":{"start":{"line":22,"column":102},"end":{"line":22,"column":110}},"27":{"start":{"line":22,"column":112},"end":{"line":22,"column":167}},"28":{"start":{"line":22,"column":168},"end":{"line":22,"column":199}},"29":{"start":{"line":22,"column":200},"end":{"line":22,"column":254}},"30":{"start":{"line":22,"column":227},"end":{"line":22,"column":254}},"31":{"start":{"line":22,"column":255},"end":{"line":22,"column":313}},"32":{"start":{"line":24,"column":62},"end":{"line":24,"column":131}},"33":{"start":{"line":24,"column":78},"end":{"line":24,"column":131}},"34":{"start":{"line":24,"column":132},"end":{"line":24,"column":193}},"35":{"start":{"line":24,"column":149},"end":{"line":24,"column":193}},"36":{"start":{"line":24,"column":194},"end":{"line":24,"column":213}},"37":{"start":{"line":28,"column":0},"end":{"line":114,"column":3}},"38":{"start":{"line":30,"column":4},"end":{"line":30,"column":34}},"39":{"start":{"line":33,"column":2},"end":{"line":111,"column":6}},"40":{"start":{"line":36,"column":24},"end":{"line":51,"column":9}},"41":{"start":{"line":39,"column":8},"end":{"line":50,"column":20}},"42":{"start":{"line":40,"column":10},"end":{"line":49,"column":11}},"43":{"start":{"line":41,"column":12},"end":{"line":48,"column":13}},"44":{"start":{"line":43,"column":16},"end":{"line":43,"column":130}},"45":{"start":{"line":47,"column":16},"end":{"line":47,"column":39}},"46":{"start":{"line":54,"column":8},"end":{"line":54,"column":50}},"47":{"start":{"line":57,"column":6},"end":{"line":57,"column":24}},"48":{"start":{"line":62,"column":28},"end":{"line":77,"column":9}},"49":{"start":{"line":65,"column":8},"end":{"line":76,"column":21}},"50":{"start":{"line":66,"column":10},"end":{"line":75,"column":11}},"51":{"start":{"line":67,"column":12},"end":{"line":74,"column":13}},"52":{"start":{"line":69,"column":16},"end":{"line":69,"column":118}},"53":{"start":{"line":73,"column":16},"end":{"line":73,"column":40}},"54":{"start":{"line":80,"column":8},"end":{"line":80,"column":54}},"55":{"start":{"line":83,"column":6},"end":{"line":83,"column":28}},"56":{"start":{"line":88,"column":27},"end":{"line":103,"column":9}},"57":{"start":{"line":91,"column":8},"end":{"line":102,"column":21}},"58":{"start":{"line":92,"column":10},"end":{"line":101,"column":11}},"59":{"start":{"line":93,"column":12},"end":{"line":100,"column":13}},"60":{"start":{"line":95,"column":16},"end":{"line":95,"column":131}},"61":{"start":{"line":99,"column":16},"end":{"line":99,"column":40}},"62":{"start":{"line":106,"column":8},"end":{"line":106,"column":53}},"63":{"start":{"line":109,"column":6},"end":{"line":109,"column":27}},"64":{"start":{"line":113,"column":2},"end":{"line":113,"column":16}},"65":{"start":{"line":116,"column":15},"end":{"line":116,"column":21}},"66":{"start":{"line":117,"column":0},"end":{"line":117,"column":30}}},"fnMap":{"0":{"name":"_interopRequireDefault","decl":{"start":{"line":14,"column":9},"end":{"line":14,"column":31}},"loc":{"start":{"line":14,"column":37},"end":{"line":14,"column":97}},"line":14},"1":{"name":"asyncGeneratorStep","decl":{"start":{"line":16,"column":9},"end":{"line":16,"column":27}},"loc":{"start":{"line":16,"column":75},"end":{"line":16,"column":265}},"line":16},"2":{"name":"_asyncToGenerator","decl":{"start":{"line":18,"column":9},"end":{"line":18,"column":26}},"loc":{"start":{"line":18,"column":31},"end":{"line":18,"column":389}},"line":18},"3":{"name":"(anonymous_3)","decl":{"start":{"line":18,"column":40},"end":{"line":18,"column":41}},"loc":{"start":{"line":18,"column":52},"end":{"line":18,"column":386}},"line":18},"4":{"name":"(anonymous_4)","decl":{"start":{"line":18,"column":108},"end":{"line":18,"column":109}},"loc":{"start":{"line":18,"column":135},"end":{"line":18,"column":382}},"line":18},"5":{"name":"_next","decl":{"start":{"line":18,"column":178},"end":{"line":18,"column":183}},"loc":{"start":{"line":18,"column":191},"end":{"line":18,"column":266}},"line":18},"6":{"name":"_throw","decl":{"start":{"line":18,"column":276},"end":{"line":18,"column":282}},"loc":{"start":{"line":18,"column":288},"end":{"line":18,"column":362}},"line":18},"7":{"name":"_classCallCheck","decl":{"start":{"line":20,"column":9},"end":{"line":20,"column":24}},"loc":{"start":{"line":20,"column":48},"end":{"line":20,"column":153}},"line":20},"8":{"name":"_defineProperties","decl":{"start":{"line":22,"column":9},"end":{"line":22,"column":26}},"loc":{"start":{"line":22,"column":42},"end":{"line":22,"column":317}},"line":22},"9":{"name":"_createClass","decl":{"start":{"line":24,"column":9},"end":{"line":24,"column":21}},"loc":{"start":{"line":24,"column":60},"end":{"line":24,"column":215}},"line":24},"10":{"name":"(anonymous_10)","decl":{"start":{"line":28,"column":0},"end":{"line":28,"column":1}},"loc":{"start":{"line":28,"column":12},"end":{"line":114,"column":1}},"line":28},"11":{"name":"search","decl":{"start":{"line":29,"column":11},"end":{"line":29,"column":17}},"loc":{"start":{"line":29,"column":20},"end":{"line":31,"column":3}},"line":29},"12":{"name":"(anonymous_12)","decl":{"start":{"line":35,"column":11},"end":{"line":35,"column":12}},"loc":{"start":{"line":35,"column":23},"end":{"line":58,"column":5}},"line":35},"13":{"name":"_callee","decl":{"start":{"line":38,"column":39},"end":{"line":38,"column":46}},"loc":{"start":{"line":38,"column":54},"end":{"line":51,"column":7}},"line":38},"14":{"name":"_callee$","decl":{"start":{"line":39,"column":48},"end":{"line":39,"column":56}},"loc":{"start":{"line":39,"column":67},"end":{"line":50,"column":9}},"line":39},"15":{"name":"searchUser","decl":{"start":{"line":53,"column":15},"end":{"line":53,"column":25}},"loc":{"start":{"line":53,"column":30},"end":{"line":55,"column":7}},"line":53},"16":{"name":"(anonymous_16)","decl":{"start":{"line":61,"column":11},"end":{"line":61,"column":12}},"loc":{"start":{"line":61,"column":23},"end":{"line":84,"column":5}},"line":61},"17":{"name":"_callee2","decl":{"start":{"line":64,"column":39},"end":{"line":64,"column":47}},"loc":{"start":{"line":64,"column":52},"end":{"line":77,"column":7}},"line":64},"18":{"name":"_callee2$","decl":{"start":{"line":65,"column":48},"end":{"line":65,"column":57}},"loc":{"start":{"line":65,"column":69},"end":{"line":76,"column":9}},"line":65},"19":{"name":"searchUserById","decl":{"start":{"line":79,"column":15},"end":{"line":79,"column":29}},"loc":{"start":{"line":79,"column":35},"end":{"line":81,"column":7}},"line":79},"20":{"name":"(anonymous_20)","decl":{"start":{"line":87,"column":11},"end":{"line":87,"column":12}},"loc":{"start":{"line":87,"column":23},"end":{"line":110,"column":5}},"line":87},"21":{"name":"_callee3","decl":{"start":{"line":90,"column":39},"end":{"line":90,"column":47}},"loc":{"start":{"line":90,"column":59},"end":{"line":103,"column":7}},"line":90},"22":{"name":"_callee3$","decl":{"start":{"line":91,"column":48},"end":{"line":91,"column":57}},"loc":{"start":{"line":91,"column":69},"end":{"line":102,"column":9}},"line":91},"23":{"name":"searchAccount","decl":{"start":{"line":105,"column":15},"end":{"line":105,"column":28}},"loc":{"start":{"line":105,"column":34},"end":{"line":107,"column":7}},"line":105}},"branchMap":{"0":{"loc":{"start":{"line":14,"column":46},"end":{"line":14,"column":94}},"type":"cond-expr","locations":[{"start":{"line":14,"column":70},"end":{"line":14,"column":73}},{"start":{"line":14,"column":76},"end":{"line":14,"column":94}}],"line":14},"1":{"loc":{"start":{"line":14,"column":46},"end":{"line":14,"column":67}},"type":"binary-expr","locations":[{"start":{"line":14,"column":46},"end":{"line":14,"column":49}},{"start":{"line":14,"column":53},"end":{"line":14,"column":67}}],"line":14},"2":{"loc":{"start":{"line":16,"column":176},"end":{"line":16,"column":263}},"type":"if","locations":[{"start":{"line":16,"column":176},"end":{"line":16,"column":263}},{"start":{"line":16,"column":176},"end":{"line":16,"column":263}}],"line":16},"3":{"loc":{"start":{"line":20,"column":50},"end":{"line":20,"column":151}},"type":"if","locations":[{"start":{"line":20,"column":50},"end":{"line":20,"column":151}},{"start":{"line":20,"column":50},"end":{"line":20,"column":151}}],"line":20},"4":{"loc":{"start":{"line":22,"column":136},"end":{"line":22,"column":166}},"type":"binary-expr","locations":[{"start":{"line":22,"column":136},"end":{"line":22,"column":157}},{"start":{"line":22,"column":161},"end":{"line":22,"column":166}}],"line":22},"5":{"loc":{"start":{"line":22,"column":200},"end":{"line":22,"column":254}},"type":"if","locations":[{"start":{"line":22,"column":200},"end":{"line":22,"column":254}},{"start":{"line":22,"column":200},"end":{"line":22,"column":254}}],"line":22},"6":{"loc":{"start":{"line":24,"column":62},"end":{"line":24,"column":131}},"type":"if","locations":[{"start":{"line":24,"column":62},"end":{"line":24,"column":131}},{"start":{"line":24,"column":62},"end":{"line":24,"column":131}}],"line":24},"7":{"loc":{"start":{"line":24,"column":132},"end":{"line":24,"column":193}},"type":"if","locations":[{"start":{"line":24,"column":132},"end":{"line":24,"column":193}},{"start":{"line":24,"column":132},"end":{"line":24,"column":193}}],"line":24},"8":{"loc":{"start":{"line":41,"column":12},"end":{"line":48,"column":13}},"type":"switch","locations":[{"start":{"line":42,"column":14},"end":{"line":43,"column":130}},{"start":{"line":45,"column":14},"end":{"line":45,"column":21}},{"start":{"line":46,"column":14},"end":{"line":47,"column":39}}],"line":41},"9":{"loc":{"start":{"line":67,"column":12},"end":{"line":74,"column":13}},"type":"switch","locations":[{"start":{"line":68,"column":14},"end":{"line":69,"column":118}},{"start":{"line":71,"column":14},"end":{"line":71,"column":21}},{"start":{"line":72,"column":14},"end":{"line":73,"column":40}}],"line":67},"10":{"loc":{"start":{"line":93,"column":12},"end":{"line":100,"column":13}},"type":"switch","locations":[{"start":{"line":94,"column":14},"end":{"line":95,"column":131}},{"start":{"line":97,"column":14},"end":{"line":97,"column":21}},{"start":{"line":98,"column":14},"end":{"line":99,"column":40}}],"line":93}},"s":{"0":1,"1":1,"2":1,"3":1,"4":1,"5":3,"6":3,"7":3,"8":3,"9":0,"10":0,"11":3,"12":3,"13":0,"14":3,"15":3,"16":3,"17":3,"18":3,"19":3,"20":0,"21":3,"22":0,"23":0,"24":1,"25":1,"26":3,"27":3,"28":3,"29":3,"30":3,"31":3,"32":1,"33":0,"34":1,"35":1,"36":1,"37":1,"38":0,"39":1,"40":1,"41":3,"42":6,"43":6,"44":3,"45":3,"46":3,"47":1,"48":1,"49":0,"50":0,"51":0,"52":0,"53":0,"54":0,"55":1,"56":1,"57":0,"58":0,"59":0,"60":0,"61":0,"62":0,"63":1,"64":1,"65":1,"66":1},"f":{"0":3,"1":3,"2":3,"3":3,"4":3,"5":3,"6":0,"7":0,"8":1,"9":1,"10":1,"11":0,"12":1,"13":3,"14":6,"15":3,"16":1,"17":0,"18":0,"19":0,"20":1,"21":0,"22":0,"23":0},"b":{"0":[2,1],"1":[3,3],"2":[3,0],"3":[0,0],"4":[3,3],"5":[3,0],"6":[0,1],"7":[1,0],"8":[3,0,3],"9":[0,0,0],"10":[0,0,0]},"_coverageSchema":"43e27e138ebf9cfc5966b082cf9a028302ed4184","hash":"2ec6ad295a8f84b448e6b9945ff6a44c5c2b3057","contentHash":"b9ae3e035d7f8b79dcb0fcdb6f8e3aa54e54c61f8c22ef981bdfbeb54d20d92e"},"/home/emile/Desktop/Banka-iii/src/models/bankAccount.js":{"path":"/home/emile/Desktop/Banka-iii/src/models/bankAccount.js","statementMap":{"0":{"start":{"line":3,"column":0},"end":{"line":5,"column":3}},"1":{"start":{"line":6,"column":0},"end":{"line":6,"column":28}},"2":{"start":{"line":7,"column":23},"end":{"line":7,"column":352}},"3":{"start":{"line":8,"column":20},"end":{"line":8,"column":223}},"4":{"start":{"line":9,"column":20},"end":{"line":9,"column":72}},"5":{"start":{"line":10,"column":20},"end":{"line":10,"column":74}},"6":{"start":{"line":11,"column":19},"end":{"line":11,"column":65}},"7":{"start":{"line":12,"column":21},"end":{"line":12,"column":79}},"8":{"start":{"line":13,"column":26},"end":{"line":13,"column":91}},"9":{"start":{"line":14,"column":20},"end":{"line":14,"column":72}},"10":{"start":{"line":15,"column":20},"end":{"line":15,"column":47}},"11":{"start":{"line":16,"column":20},"end":{"line":16,"column":86}},"12":{"start":{"line":17,"column":20},"end":{"line":17,"column":67}},"13":{"start":{"line":18,"column":22},"end":{"line":18,"column":80}},"14":{"start":{"line":19,"column":15},"end":{"line":32,"column":1}},"15":{"start":{"line":33,"column":0},"end":{"line":33,"column":30}}},"fnMap":{},"branchMap":{},"s":{"0":1,"1":1,"2":1,"3":1,"4":1,"5":1,"6":1,"7":1,"8":1,"9":1,"10":1,"11":1,"12":1,"13":1,"14":1,"15":1},"f":{},"b":{},"_coverageSchema":"43e27e138ebf9cfc5966b082cf9a028302ed4184","hash":"12e0988041000e7a96bc2d2f6bc05def7ab3a122","contentHash":"ff1f5bc5fc7bb04c85d4f87c324fba663cba2ba76d45f1f2c56105c78ea4d546"},"/home/emile/Desktop/Banka-iii/src/controllers/accountController.js":{"path":"/home/emile/Desktop/Banka-iii/src/controllers/accountController.js","statementMap":{"0":{"start":{"line":3,"column":0},"end":{"line":5,"column":3}},"1":{"start":{"line":6,"column":0},"end":{"line":6,"column":28}},"2":{"start":{"line":8,"column":14},"end":{"line":8,"column":55}},"3":{"start":{"line":10,"column":9},"end":{"line":10,"column":51}},"4":{"start":{"line":12,"column":14},"end":{"line":12,"column":66}},"5":{"start":{"line":14,"column":17},"end":{"line":14,"column":64}},"6":{"start":{"line":16,"column":19},"end":{"line":16,"column":75}},"7":{"start":{"line":18,"column":39},"end":{"line":18,"column":95}},"8":{"start":{"line":20,"column":77},"end":{"line":20,"column":175}},"9":{"start":{"line":20,"column":94},"end":{"line":20,"column":107}},"10":{"start":{"line":20,"column":121},"end":{"line":20,"column":131}},"11":{"start":{"line":20,"column":151},"end":{"line":20,"column":165}},"12":{"start":{"line":20,"column":166},"end":{"line":20,"column":173}},"13":{"start":{"line":20,"column":176},"end":{"line":20,"column":263}},"14":{"start":{"line":20,"column":193},"end":{"line":20,"column":208}},"15":{"start":{"line":20,"column":218},"end":{"line":20,"column":261}},"16":{"start":{"line":22,"column":33},"end":{"line":22,"column":387}},"17":{"start":{"line":22,"column":65},"end":{"line":22,"column":69}},"18":{"start":{"line":22,"column":78},"end":{"line":22,"column":87}},"19":{"start":{"line":22,"column":89},"end":{"line":22,"column":384}},"20":{"start":{"line":22,"column":147},"end":{"line":22,"column":167}},"21":{"start":{"line":22,"column":193},"end":{"line":22,"column":264}},"22":{"start":{"line":22,"column":290},"end":{"line":22,"column":360}},"23":{"start":{"line":22,"column":363},"end":{"line":22,"column":380}},"24":{"start":{"line":24,"column":50},"end":{"line":24,"column":151}},"25":{"start":{"line":24,"column":92},"end":{"line":24,"column":149}},"26":{"start":{"line":26,"column":44},"end":{"line":26,"column":315}},"27":{"start":{"line":26,"column":57},"end":{"line":26,"column":58}},"28":{"start":{"line":26,"column":102},"end":{"line":26,"column":110}},"29":{"start":{"line":26,"column":112},"end":{"line":26,"column":167}},"30":{"start":{"line":26,"column":168},"end":{"line":26,"column":199}},"31":{"start":{"line":26,"column":200},"end":{"line":26,"column":254}},"32":{"start":{"line":26,"column":227},"end":{"line":26,"column":254}},"33":{"start":{"line":26,"column":255},"end":{"line":26,"column":313}},"34":{"start":{"line":28,"column":62},"end":{"line":28,"column":131}},"35":{"start":{"line":28,"column":78},"end":{"line":28,"column":131}},"36":{"start":{"line":28,"column":132},"end":{"line":28,"column":193}},"37":{"start":{"line":28,"column":149},"end":{"line":28,"column":193}},"38":{"start":{"line":28,"column":194},"end":{"line":28,"column":213}},"39":{"start":{"line":32,"column":0},"end":{"line":422,"column":3}},"40":{"start":{"line":34,"column":4},"end":{"line":34,"column":45}},"41":{"start":{"line":37,"column":2},"end":{"line":419,"column":6}},"42":{"start":{"line":41,"column":27},"end":{"line":86,"column":9}},"43":{"start":{"line":45,"column":8},"end":{"line":85,"column":20}},"44":{"start":{"line":46,"column":10},"end":{"line":84,"column":11}},"45":{"start":{"line":47,"column":12},"end":{"line":83,"column":13}},"46":{"start":{"line":49,"column":16},"end":{"line":49,"column":34}},"47":{"start":{"line":50,"column":16},"end":{"line":50,"column":70}},"48":{"start":{"line":53,"column":16},"end":{"line":53,"column":45}},"49":{"start":{"line":54,"column":16},"end":{"line":61,"column":18}},"50":{"start":{"line":62,"column":16},"end":{"line":62,"column":199}},"51":{"start":{"line":63,"column":16},"end":{"line":63,"column":34}},"52":{"start":{"line":64,"column":16},"end":{"line":64,"column":148}},"53":{"start":{"line":67,"column":16},"end":{"line":67,"column":46}},"54":{"start":{"line":68,"column":16},"end":{"line":78,"column":20}},"55":{"start":{"line":82,"column":16},"end":{"line":82,"column":39}},"56":{"start":{"line":89,"column":8},"end":{"line":89,"column":53}},"57":{"start":{"line":92,"column":6},"end":{"line":92,"column":27}},"58":{"start":{"line":98,"column":33},"end":{"line":153,"column":9}},"59":{"start":{"line":102,"column":8},"end":{"line":152,"column":21}},"60":{"start":{"line":103,"column":10},"end":{"line":151,"column":11}},"61":{"start":{"line":104,"column":12},"end":{"line":150,"column":13}},"62":{"start":{"line":106,"column":16},"end":{"line":106,"column":35}},"63":{"start":{"line":107,"column":16},"end":{"line":107,"column":78}},"64":{"start":{"line":110,"column":16},"end":{"line":110,"column":47}},"65":{"start":{"line":112,"column":16},"end":{"line":115,"column":17}},"66":{"start":{"line":113,"column":18},"end":{"line":113,"column":38}},"67":{"start":{"line":114,"column":18},"end":{"line":114,"column":24}},"68":{"start":{"line":117,"column":16},"end":{"line":117,"column":35}},"69":{"start":{"line":118,"column":16},"end":{"line":118,"column":137}},"70":{"start":{"line":121,"column":16},"end":{"line":121,"column":53}},"71":{"start":{"line":123,"column":16},"end":{"line":126,"column":17}},"72":{"start":{"line":124,"column":18},"end":{"line":124,"column":38}},"73":{"start":{"line":125,"column":18},"end":{"line":125,"column":24}},"74":{"start":{"line":128,"column":16},"end":{"line":128,"column":36}},"75":{"start":{"line":129,"column":16},"end":{"line":129,"column":78}},"76":{"start":{"line":132,"column":16},"end":{"line":132,"column":48}},"77":{"start":{"line":133,"column":16},"end":{"line":139,"column":20}},"78":{"start":{"line":142,"column":16},"end":{"line":145,"column":20}},"79":{"start":{"line":149,"column":16},"end":{"line":149,"column":40}},"80":{"start":{"line":156,"column":8},"end":{"line":156,"column":59}},"81":{"start":{"line":159,"column":6},"end":{"line":159,"column":33}},"82":{"start":{"line":165,"column":27},"end":{"line":201,"column":9}},"83":{"start":{"line":169,"column":8},"end":{"line":200,"column":21}},"84":{"start":{"line":170,"column":10},"end":{"line":199,"column":11}},"85":{"start":{"line":171,"column":12},"end":{"line":198,"column":13}},"86":{"start":{"line":173,"column":16},"end":{"line":173,"column":35}},"87":{"start":{"line":174,"column":16},"end":{"line":174,"column":114}},"88":{"start":{"line":177,"column":16},"end":{"line":177,"column":47}},"89":{"start":{"line":179,"column":16},"end":{"line":182,"column":17}},"90":{"start":{"line":180,"column":18},"end":{"line":180,"column":37}},"91":{"start":{"line":181,"column":18},"end":{"line":181,"column":24}},"92":{"start":{"line":184,"column":16},"end":{"line":187,"column":20}},"93":{"start":{"line":190,"column":16},"end":{"line":193,"column":20}},"94":{"start":{"line":197,"column":16},"end":{"line":197,"column":40}},"95":{"start":{"line":204,"column":8},"end":{"line":204,"column":53}},"96":{"start":{"line":207,"column":6},"end":{"line":207,"column":27}},"97":{"start":{"line":213,"column":29},"end":{"line":249,"column":9}},"98":{"start":{"line":217,"column":8},"end":{"line":248,"column":21}},"99":{"start":{"line":218,"column":10},"end":{"line":247,"column":11}},"100":{"start":{"line":219,"column":12},"end":{"line":246,"column":13}},"101":{"start":{"line":221,"column":16},"end":{"line":221,"column":35}},"102":{"start":{"line":222,"column":16},"end":{"line":222,"column":90}},"103":{"start":{"line":225,"column":16},"end":{"line":225,"column":45}},"104":{"start":{"line":227,"column":16},"end":{"line":230,"column":17}},"105":{"start":{"line":228,"column":18},"end":{"line":228,"column":37}},"106":{"start":{"line":229,"column":18},"end":{"line":229,"column":24}},"107":{"start":{"line":232,"column":16},"end":{"line":235,"column":20}},"108":{"start":{"line":238,"column":16},"end":{"line":241,"column":20}},"109":{"start":{"line":245,"column":16},"end":{"line":245,"column":40}},"110":{"start":{"line":252,"column":8},"end":{"line":252,"column":55}},"111":{"start":{"line":255,"column":6},"end":{"line":255,"column":29}},"112":{"start":{"line":261,"column":27},"end":{"line":310,"column":9}},"113":{"start":{"line":265,"column":8},"end":{"line":309,"column":21}},"114":{"start":{"line":266,"column":10},"end":{"line":308,"column":11}},"115":{"start":{"line":267,"column":12},"end":{"line":307,"column":13}},"116":{"start":{"line":269,"column":16},"end":{"line":269,"column":35}},"117":{"start":{"line":270,"column":16},"end":{"line":270,"column":78}},"118":{"start":{"line":273,"column":16},"end":{"line":273,"column":44}},"119":{"start":{"line":274,"column":16},"end":{"line":274,"column":35}},"120":{"start":{"line":275,"column":16},"end":{"line":275,"column":83}},"121":{"start":{"line":278,"column":16},"end":{"line":278,"column":42}},"122":{"start":{"line":280,"column":16},"end":{"line":283,"column":17}},"123":{"start":{"line":281,"column":18},"end":{"line":281,"column":37}},"124":{"start":{"line":282,"column":18},"end":{"line":282,"column":24}},"125":{"start":{"line":285,"column":16},"end":{"line":296,"column":20}},"126":{"start":{"line":299,"column":16},"end":{"line":302,"column":20}},"127":{"start":{"line":306,"column":16},"end":{"line":306,"column":40}},"128":{"start":{"line":313,"column":8},"end":{"line":313,"column":53}},"129":{"start":{"line":316,"column":6},"end":{"line":316,"column":27}},"130":{"start":{"line":322,"column":33},"end":{"line":358,"column":9}},"131":{"start":{"line":326,"column":8},"end":{"line":357,"column":21}},"132":{"start":{"line":327,"column":10},"end":{"line":356,"column":11}},"133":{"start":{"line":328,"column":12},"end":{"line":355,"column":13}},"134":{"start":{"line":330,"column":16},"end":{"line":330,"column":35}},"135":{"start":{"line":331,"column":16},"end":{"line":331,"column":110}},"136":{"start":{"line":334,"column":16},"end":{"line":334,"column":48}},"137":{"start":{"line":336,"column":16},"end":{"line":339,"column":17}},"138":{"start":{"line":337,"column":18},"end":{"line":337,"column":37}},"139":{"start":{"line":338,"column":18},"end":{"line":338,"column":24}},"140":{"start":{"line":341,"column":16},"end":{"line":344,"column":20}},"141":{"start":{"line":347,"column":16},"end":{"line":350,"column":20}},"142":{"start":{"line":354,"column":16},"end":{"line":354,"column":40}},"143":{"start":{"line":361,"column":8},"end":{"line":361,"column":59}},"144":{"start":{"line":364,"column":6},"end":{"line":364,"column":33}},"145":{"start":{"line":370,"column":29},"end":{"line":411,"column":9}},"146":{"start":{"line":374,"column":8},"end":{"line":410,"column":21}},"147":{"start":{"line":375,"column":10},"end":{"line":409,"column":11}},"148":{"start":{"line":376,"column":12},"end":{"line":408,"column":13}},"149":{"start":{"line":378,"column":16},"end":{"line":378,"column":35}},"150":{"start":{"line":379,"column":16},"end":{"line":379,"column":71}},"151":{"start":{"line":382,"column":16},"end":{"line":382,"column":41}},"152":{"start":{"line":383,"column":16},"end":{"line":383,"column":35}},"153":{"start":{"line":384,"column":16},"end":{"line":384,"column":115}},"154":{"start":{"line":387,"column":16},"end":{"line":387,"column":49}},"155":{"start":{"line":389,"column":16},"end":{"line":392,"column":17}},"156":{"start":{"line":390,"column":18},"end":{"line":390,"column":37}},"157":{"start":{"line":391,"column":18},"end":{"line":391,"column":24}},"158":{"start":{"line":394,"column":16},"end":{"line":397,"column":20}},"159":{"start":{"line":400,"column":16},"end":{"line":403,"column":20}},"160":{"start":{"line":407,"column":16},"end":{"line":407,"column":40}},"161":{"start":{"line":414,"column":8},"end":{"line":414,"column":55}},"162":{"start":{"line":417,"column":6},"end":{"line":417,"column":29}},"163":{"start":{"line":421,"column":2},"end":{"line":421,"column":27}},"164":{"start":{"line":424,"column":15},"end":{"line":424,"column":32}},"165":{"start":{"line":425,"column":0},"end":{"line":425,"column":30}}},"fnMap":{"0":{"name":"_interopRequireDefault","decl":{"start":{"line":18,"column":9},"end":{"line":18,"column":31}},"loc":{"start":{"line":18,"column":37},"end":{"line":18,"column":97}},"line":18},"1":{"name":"asyncGeneratorStep","decl":{"start":{"line":20,"column":9},"end":{"line":20,"column":27}},"loc":{"start":{"line":20,"column":75},"end":{"line":20,"column":265}},"line":20},"2":{"name":"_asyncToGenerator","decl":{"start":{"line":22,"column":9},"end":{"line":22,"column":26}},"loc":{"start":{"line":22,"column":31},"end":{"line":22,"column":389}},"line":22},"3":{"name":"(anonymous_3)","decl":{"start":{"line":22,"column":40},"end":{"line":22,"column":41}},"loc":{"start":{"line":22,"column":52},"end":{"line":22,"column":386}},"line":22},"4":{"name":"(anonymous_4)","decl":{"start":{"line":22,"column":108},"end":{"line":22,"column":109}},"loc":{"start":{"line":22,"column":135},"end":{"line":22,"column":382}},"line":22},"5":{"name":"_next","decl":{"start":{"line":22,"column":178},"end":{"line":22,"column":183}},"loc":{"start":{"line":22,"column":191},"end":{"line":22,"column":266}},"line":22},"6":{"name":"_throw","decl":{"start":{"line":22,"column":276},"end":{"line":22,"column":282}},"loc":{"start":{"line":22,"column":288},"end":{"line":22,"column":362}},"line":22},"7":{"name":"_classCallCheck","decl":{"start":{"line":24,"column":9},"end":{"line":24,"column":24}},"loc":{"start":{"line":24,"column":48},"end":{"line":24,"column":153}},"line":24},"8":{"name":"_defineProperties","decl":{"start":{"line":26,"column":9},"end":{"line":26,"column":26}},"loc":{"start":{"line":26,"column":42},"end":{"line":26,"column":317}},"line":26},"9":{"name":"_createClass","decl":{"start":{"line":28,"column":9},"end":{"line":28,"column":21}},"loc":{"start":{"line":28,"column":60},"end":{"line":28,"column":215}},"line":28},"10":{"name":"(anonymous_10)","decl":{"start":{"line":32,"column":0},"end":{"line":32,"column":1}},"loc":{"start":{"line":32,"column":12},"end":{"line":422,"column":1}},"line":32},"11":{"name":"accountController","decl":{"start":{"line":33,"column":11},"end":{"line":33,"column":28}},"loc":{"start":{"line":33,"column":31},"end":{"line":35,"column":3}},"line":33},"12":{"name":"(anonymous_12)","decl":{"start":{"line":40,"column":11},"end":{"line":40,"column":12}},"loc":{"start":{"line":40,"column":23},"end":{"line":93,"column":5}},"line":40},"13":{"name":"_callee","decl":{"start":{"line":43,"column":39},"end":{"line":43,"column":46}},"loc":{"start":{"line":43,"column":57},"end":{"line":86,"column":7}},"line":43},"14":{"name":"_callee$","decl":{"start":{"line":45,"column":48},"end":{"line":45,"column":56}},"loc":{"start":{"line":45,"column":67},"end":{"line":85,"column":9}},"line":45},"15":{"name":"createAccount","decl":{"start":{"line":88,"column":15},"end":{"line":88,"column":28}},"loc":{"start":{"line":88,"column":38},"end":{"line":90,"column":7}},"line":88},"16":{"name":"(anonymous_16)","decl":{"start":{"line":97,"column":11},"end":{"line":97,"column":12}},"loc":{"start":{"line":97,"column":23},"end":{"line":160,"column":5}},"line":97},"17":{"name":"_callee2","decl":{"start":{"line":100,"column":39},"end":{"line":100,"column":47}},"loc":{"start":{"line":100,"column":58},"end":{"line":153,"column":7}},"line":100},"18":{"name":"_callee2$","decl":{"start":{"line":102,"column":48},"end":{"line":102,"column":57}},"loc":{"start":{"line":102,"column":69},"end":{"line":152,"column":9}},"line":102},"19":{"name":"changeAccountStatus","decl":{"start":{"line":155,"column":15},"end":{"line":155,"column":34}},"loc":{"start":{"line":155,"column":45},"end":{"line":157,"column":7}},"line":155},"20":{"name":"(anonymous_20)","decl":{"start":{"line":164,"column":11},"end":{"line":164,"column":12}},"loc":{"start":{"line":164,"column":23},"end":{"line":208,"column":5}},"line":164},"21":{"name":"_callee3","decl":{"start":{"line":167,"column":39},"end":{"line":167,"column":47}},"loc":{"start":{"line":167,"column":58},"end":{"line":201,"column":7}},"line":167},"22":{"name":"_callee3$","decl":{"start":{"line":169,"column":48},"end":{"line":169,"column":57}},"loc":{"start":{"line":169,"column":69},"end":{"line":200,"column":9}},"line":169},"23":{"name":"deleteAccount","decl":{"start":{"line":203,"column":15},"end":{"line":203,"column":28}},"loc":{"start":{"line":203,"column":39},"end":{"line":205,"column":7}},"line":203},"24":{"name":"(anonymous_24)","decl":{"start":{"line":212,"column":11},"end":{"line":212,"column":12}},"loc":{"start":{"line":212,"column":23},"end":{"line":256,"column":5}},"line":212},"25":{"name":"_callee4","decl":{"start":{"line":215,"column":39},"end":{"line":215,"column":47}},"loc":{"start":{"line":215,"column":58},"end":{"line":249,"column":7}},"line":215},"26":{"name":"_callee4$","decl":{"start":{"line":217,"column":48},"end":{"line":217,"column":57}},"loc":{"start":{"line":217,"column":69},"end":{"line":248,"column":9}},"line":217},"27":{"name":"displayAccounts","decl":{"start":{"line":251,"column":15},"end":{"line":251,"column":30}},"loc":{"start":{"line":251,"column":41},"end":{"line":253,"column":7}},"line":251},"28":{"name":"(anonymous_28)","decl":{"start":{"line":260,"column":11},"end":{"line":260,"column":12}},"loc":{"start":{"line":260,"column":23},"end":{"line":317,"column":5}},"line":260},"29":{"name":"_callee5","decl":{"start":{"line":263,"column":39},"end":{"line":263,"column":47}},"loc":{"start":{"line":263,"column":58},"end":{"line":310,"column":7}},"line":263},"30":{"name":"_callee5$","decl":{"start":{"line":265,"column":48},"end":{"line":265,"column":57}},"loc":{"start":{"line":265,"column":69},"end":{"line":309,"column":9}},"line":265},"31":{"name":"searchAccount","decl":{"start":{"line":312,"column":15},"end":{"line":312,"column":28}},"loc":{"start":{"line":312,"column":40},"end":{"line":314,"column":7}},"line":312},"32":{"name":"(anonymous_32)","decl":{"start":{"line":321,"column":11},"end":{"line":321,"column":12}},"loc":{"start":{"line":321,"column":23},"end":{"line":365,"column":5}},"line":321},"33":{"name":"_callee6","decl":{"start":{"line":324,"column":39},"end":{"line":324,"column":47}},"loc":{"start":{"line":324,"column":58},"end":{"line":358,"column":7}},"line":324},"34":{"name":"_callee6$","decl":{"start":{"line":326,"column":48},"end":{"line":326,"column":57}},"loc":{"start":{"line":326,"column":69},"end":{"line":357,"column":9}},"line":326},"35":{"name":"getAccountsByStatus","decl":{"start":{"line":360,"column":15},"end":{"line":360,"column":34}},"loc":{"start":{"line":360,"column":47},"end":{"line":362,"column":7}},"line":360},"36":{"name":"(anonymous_36)","decl":{"start":{"line":369,"column":11},"end":{"line":369,"column":12}},"loc":{"start":{"line":369,"column":23},"end":{"line":418,"column":5}},"line":369},"37":{"name":"_callee7","decl":{"start":{"line":372,"column":39},"end":{"line":372,"column":47}},"loc":{"start":{"line":372,"column":58},"end":{"line":411,"column":7}},"line":372},"38":{"name":"_callee7$","decl":{"start":{"line":374,"column":48},"end":{"line":374,"column":57}},"loc":{"start":{"line":374,"column":69},"end":{"line":410,"column":9}},"line":374},"39":{"name":"getUserAccounts","decl":{"start":{"line":413,"column":15},"end":{"line":413,"column":30}},"loc":{"start":{"line":413,"column":43},"end":{"line":415,"column":7}},"line":413}},"branchMap":{"0":{"loc":{"start":{"line":18,"column":46},"end":{"line":18,"column":94}},"type":"cond-expr","locations":[{"start":{"line":18,"column":70},"end":{"line":18,"column":73}},{"start":{"line":18,"column":76},"end":{"line":18,"column":94}}],"line":18},"1":{"loc":{"start":{"line":18,"column":46},"end":{"line":18,"column":67}},"type":"binary-expr","locations":[{"start":{"line":18,"column":46},"end":{"line":18,"column":49}},{"start":{"line":18,"column":53},"end":{"line":18,"column":67}}],"line":18},"2":{"loc":{"start":{"line":20,"column":176},"end":{"line":20,"column":263}},"type":"if","locations":[{"start":{"line":20,"column":176},"end":{"line":20,"column":263}},{"start":{"line":20,"column":176},"end":{"line":20,"column":263}}],"line":20},"3":{"loc":{"start":{"line":24,"column":50},"end":{"line":24,"column":151}},"type":"if","locations":[{"start":{"line":24,"column":50},"end":{"line":24,"column":151}},{"start":{"line":24,"column":50},"end":{"line":24,"column":151}}],"line":24},"4":{"loc":{"start":{"line":26,"column":136},"end":{"line":26,"column":166}},"type":"binary-expr","locations":[{"start":{"line":26,"column":136},"end":{"line":26,"column":157}},{"start":{"line":26,"column":161},"end":{"line":26,"column":166}}],"line":26},"5":{"loc":{"start":{"line":26,"column":200},"end":{"line":26,"column":254}},"type":"if","locations":[{"start":{"line":26,"column":200},"end":{"line":26,"column":254}},{"start":{"line":26,"column":200},"end":{"line":26,"column":254}}],"line":26},"6":{"loc":{"start":{"line":28,"column":62},"end":{"line":28,"column":131}},"type":"if","locations":[{"start":{"line":28,"column":62},"end":{"line":28,"column":131}},{"start":{"line":28,"column":62},"end":{"line":28,"column":131}}],"line":28},"7":{"loc":{"start":{"line":28,"column":132},"end":{"line":28,"column":193}},"type":"if","locations":[{"start":{"line":28,"column":132},"end":{"line":28,"column":193}},{"start":{"line":28,"column":132},"end":{"line":28,"column":193}}],"line":28},"8":{"loc":{"start":{"line":47,"column":12},"end":{"line":83,"column":13}},"type":"switch","locations":[{"start":{"line":48,"column":14},"end":{"line":50,"column":70}},{"start":{"line":52,"column":14},"end":{"line":64,"column":148}},{"start":{"line":66,"column":14},"end":{"line":78,"column":20}},{"start":{"line":80,"column":14},"end":{"line":80,"column":21}},{"start":{"line":81,"column":14},"end":{"line":82,"column":39}}],"line":47},"9":{"loc":{"start":{"line":104,"column":12},"end":{"line":150,"column":13}},"type":"switch","locations":[{"start":{"line":105,"column":14},"end":{"line":107,"column":78}},{"start":{"line":109,"column":14},"end":{"line":118,"column":137}},{"start":{"line":120,"column":14},"end":{"line":129,"column":78}},{"start":{"line":131,"column":14},"end":{"line":139,"column":20}},{"start":{"line":141,"column":14},"end":{"line":145,"column":20}},{"start":{"line":147,"column":14},"end":{"line":147,"column":22}},{"start":{"line":148,"column":14},"end":{"line":149,"column":40}}],"line":104},"10":{"loc":{"start":{"line":112,"column":16},"end":{"line":115,"column":17}},"type":"if","locations":[{"start":{"line":112,"column":16},"end":{"line":115,"column":17}},{"start":{"line":112,"column":16},"end":{"line":115,"column":17}}],"line":112},"11":{"loc":{"start":{"line":123,"column":16},"end":{"line":126,"column":17}},"type":"if","locations":[{"start":{"line":123,"column":16},"end":{"line":126,"column":17}},{"start":{"line":123,"column":16},"end":{"line":126,"column":17}}],"line":123},"12":{"loc":{"start":{"line":171,"column":12},"end":{"line":198,"column":13}},"type":"switch","locations":[{"start":{"line":172,"column":14},"end":{"line":174,"column":114}},{"start":{"line":176,"column":14},"end":{"line":187,"column":20}},{"start":{"line":189,"column":14},"end":{"line":193,"column":20}},{"start":{"line":195,"column":14},"end":{"line":195,"column":21}},{"start":{"line":196,"column":14},"end":{"line":197,"column":40}}],"line":171},"13":{"loc":{"start":{"line":179,"column":16},"end":{"line":182,"column":17}},"type":"if","locations":[{"start":{"line":179,"column":16},"end":{"line":182,"column":17}},{"start":{"line":179,"column":16},"end":{"line":182,"column":17}}],"line":179},"14":{"loc":{"start":{"line":219,"column":12},"end":{"line":246,"column":13}},"type":"switch","locations":[{"start":{"line":220,"column":14},"end":{"line":222,"column":90}},{"start":{"line":224,"column":14},"end":{"line":235,"column":20}},{"start":{"line":237,"column":14},"end":{"line":241,"column":20}},{"start":{"line":243,"column":14},"end":{"line":243,"column":21}},{"start":{"line":244,"column":14},"end":{"line":245,"column":40}}],"line":219},"15":{"loc":{"start":{"line":227,"column":16},"end":{"line":230,"column":17}},"type":"if","locations":[{"start":{"line":227,"column":16},"end":{"line":230,"column":17}},{"start":{"line":227,"column":16},"end":{"line":230,"column":17}}],"line":227},"16":{"loc":{"start":{"line":267,"column":12},"end":{"line":307,"column":13}},"type":"switch","locations":[{"start":{"line":268,"column":14},"end":{"line":270,"column":78}},{"start":{"line":272,"column":14},"end":{"line":275,"column":83}},{"start":{"line":277,"column":14},"end":{"line":296,"column":20}},{"start":{"line":298,"column":14},"end":{"line":302,"column":20}},{"start":{"line":304,"column":14},"end":{"line":304,"column":21}},{"start":{"line":305,"column":14},"end":{"line
[...]
{"line":24,"column":102},"end":{"line":24,"column":110}},"28":{"start":{"line":24,"column":112},"end":{"line":24,"column":167}},"29":{"start":{"line":24,"column":168},"end":{"line":24,"column":199}},"30":{"start":{"line":24,"column":200},"end":{"line":24,"column":254}},"31":{"start":{"line":24,"column":227},"end":{"line":24,"column":254}},"32":{"start":{"line":24,"column":255},"end":{"line":24,"column":313}},"33":{"start":{"line":26,"column":62},"end":{"line":26,"column":131}},"34":{"start":{"line":26,"column":78},"end":{"line":26,"column":131}},"35":{"start":{"line":26,"column":132},"end":{"line":26,"column":193}},"36":{"start":{"line":26,"column":149},"end":{"line":26,"column":193}},"37":{"start":{"line":26,"column":194},"end":{"line":26,"column":213}},"38":{"start":{"line":30,"column":0},"end":{"line":162,"column":3}},"39":{"start":{"line":32,"column":4},"end":{"line":32,"column":35}},"40":{"start":{"line":35,"column":2},"end":{"line":159,"column":6}},"41":{"start":{"line":38,"column":26},"end":{"line":73,"column":9}},"42":{"start":{"line":42,"column":8},"end":{"line":72,"column":37}},"43":{"start":{"line":43,"column":10},"end":{"line":71,"column":11}},"44":{"start":{"line":44,"column":12},"end":{"line":70,"column":13}},"45":{"start":{"line":46,"column":16},"end":{"line":46,"column":55}},"46":{"start":{"line":47,"column":16},"end":{"line":47,"column":72}},"47":{"start":{"line":48,"column":16},"end":{"line":48,"column":76}},"48":{"start":{"line":49,"column":16},"end":{"line":49,"column":109}},"49":{"start":{"line":50,"column":16},"end":{"line":50,"column":34}},"50":{"start":{"line":51,"column":16},"end":{"line":51,"column":34}},"51":{"start":{"line":52,"column":16},"end":{"line":52,"column":59}},"52":{"start":{"line":55,"column":16},"end":{"line":55,"column":34}},"53":{"start":{"line":56,"column":16},"end":{"line":56,"column":58}},"54":{"start":{"line":59,"column":16},"end":{"line":59,"column":35}},"55":{"start":{"line":60,"column":16},"end":{"line":60,"column":22}},"56":{"start":{"line":63,"column":16},"end":{"line":63,"column":35}},"57":{"start":{"line":64,"column":16},"end":{"line":64,"column":51}},"58":{"start":{"line":65,"column":16},"end":{"line":65,"column":62}},"59":{"start":{"line":69,"column":16},"end":{"line":69,"column":39}},"60":{"start":{"line":76,"column":8},"end":{"line":76,"column":52}},"61":{"start":{"line":79,"column":6},"end":{"line":79,"column":26}},"62":{"start":{"line":84,"column":25},"end":{"line":112,"column":9}},"63":{"start":{"line":88,"column":8},"end":{"line":111,"column":37}},"64":{"start":{"line":89,"column":10},"end":{"line":110,"column":11}},"65":{"start":{"line":90,"column":12},"end":{"line":109,"column":13}},"66":{"start":{"line":92,"column":16},"end":{"line":92,"column":470}},"67":{"start":{"line":93,"column":16},"end":{"line":93,"column":35}},"68":{"start":{"line":94,"column":16},"end":{"line":94,"column":35}},"69":{"start":{"line":95,"column":16},"end":{"line":95,"column":58}},"70":{"start":{"line":98,"column":16},"end":{"line":98,"column":35}},"71":{"start":{"line":99,"column":16},"end":{"line":99,"column":22}},"72":{"start":{"line":102,"column":16},"end":{"line":102,"column":35}},"73":{"start":{"line":103,"column":16},"end":{"line":103,"column":53}},"74":{"start":{"line":104,"column":16},"end":{"line":104,"column":64}},"75":{"start":{"line":108,"column":16},"end":{"line":108,"column":40}},"76":{"start":{"line":115,"column":8},"end":{"line":115,"column":51}},"77":{"start":{"line":118,"column":6},"end":{"line":118,"column":25}},"78":{"start":{"line":123,"column":24},"end":{"line":151,"column":9}},"79":{"start":{"line":127,"column":8},"end":{"line":150,"column":37}},"80":{"start":{"line":128,"column":10},"end":{"line":149,"column":11}},"81":{"start":{"line":129,"column":12},"end":{"line":148,"column":13}},"82":{"start":{"line":131,"column":16},"end":{"line":131,"column":35}},"83":{"start":{"line":132,"column":16},"end":{"line":132,"column":96}},"84":{"start":{"line":133,"column":16},"end":{"line":133,"column":35}},"85":{"start":{"line":134,"column":16},"end":{"line":134,"column":62}},"86":{"start":{"line":137,"column":16},"end":{"line":137,"column":35}},"87":{"start":{"line":138,"column":16},"end":{"line":138,"column":22}},"88":{"start":{"line":141,"column":16},"end":{"line":141,"column":35}},"89":{"start":{"line":142,"column":16},"end":{"line":142,"column":53}},"90":{"start":{"line":143,"column":16},"end":{"line":143,"column":64}},"91":{"start":{"line":147,"column":16},"end":{"line":147,"column":40}},"92":{"start":{"line":154,"column":8},"end":{"line":154,"column":50}},"93":{"start":{"line":157,"column":6},"end":{"line":157,"column":24}},"94":{"start":{"line":161,"column":2},"end":{"line":161,"column":17}},"95":{"start":{"line":164,"column":0},"end":{"line":164,"column":23}},"96":{"start":{"line":165,"column":0},"end":{"line":165,"column":21}},"97":{"start":{"line":166,"column":15},"end":{"line":166,"column":22}},"98":{"start":{"line":167,"column":0},"end":{"line":167,"column":30}}},"fnMap":{"0":{"name":"_interopRequireDefault","decl":{"start":{"line":16,"column":9},"end":{"line":16,"column":31}},"loc":{"start":{"line":16,"column":37},"end":{"line":16,"column":97}},"line":16},"1":{"name":"asyncGeneratorStep","decl":{"start":{"line":18,"column":9},"end":{"line":18,"column":27}},"loc":{"start":{"line":18,"column":75},"end":{"line":18,"column":265}},"line":18},"2":{"name":"_asyncToGenerator","decl":{"start":{"line":20,"column":9},"end":{"line":20,"column":26}},"loc":{"start":{"line":20,"column":31},"end":{"line":20,"column":389}},"line":20},"3":{"name":"(anonymous_3)","decl":{"start":{"line":20,"column":40},"end":{"line":20,"column":41}},"loc":{"start":{"line":20,"column":52},"end":{"line":20,"column":386}},"line":20},"4":{"name":"(anonymous_4)","decl":{"start":{"line":20,"column":108},"end":{"line":20,"column":109}},"loc":{"start":{"line":20,"column":135},"end":{"line":20,"column":382}},"line":20},"5":{"name":"_next","decl":{"start":{"line":20,"column":178},"end":{"line":20,"column":183}},"loc":{"start":{"line":20,"column":191},"end":{"line":20,"column":266}},"line":20},"6":{"name":"_throw","decl":{"start":{"line":20,"column":276},"end":{"line":20,"column":282}},"loc":{"start":{"line":20,"column":288},"end":{"line":20,"column":362}},"line":20},"7":{"name":"_classCallCheck","decl":{"start":{"line":22,"column":9},"end":{"line":22,"column":24}},"loc":{"start":{"line":22,"column":48},"end":{"line":22,"column":153}},"line":22},"8":{"name":"_defineProperties","decl":{"start":{"line":24,"column":9},"end":{"line":24,"column":26}},"loc":{"start":{"line":24,"column":42},"end":{"line":24,"column":317}},"line":24},"9":{"name":"_createClass","decl":{"start":{"line":26,"column":9},"end":{"line":26,"column":21}},"loc":{"start":{"line":26,"column":60},"end":{"line":26,"column":215}},"line":26},"10":{"name":"(anonymous_10)","decl":{"start":{"line":30,"column":0},"end":{"line":30,"column":1}},"loc":{"start":{"line":30,"column":12},"end":{"line":162,"column":1}},"line":30},"11":{"name":"setupDb","decl":{"start":{"line":31,"column":11},"end":{"line":31,"column":18}},"loc":{"start":{"line":31,"column":21},"end":{"line":33,"column":3}},"line":31},"12":{"name":"(anonymous_12)","decl":{"start":{"line":37,"column":11},"end":{"line":37,"column":12}},"loc":{"start":{"line":37,"column":23},"end":{"line":80,"column":5}},"line":37},"13":{"name":"_callee","decl":{"start":{"line":40,"column":39},"end":{"line":40,"column":46}},"loc":{"start":{"line":40,"column":49},"end":{"line":73,"column":7}},"line":40},"14":{"name":"_callee$","decl":{"start":{"line":42,"column":48},"end":{"line":42,"column":56}},"loc":{"start":{"line":42,"column":67},"end":{"line":72,"column":9}},"line":42},"15":{"name":"createTables","decl":{"start":{"line":75,"column":15},"end":{"line":75,"column":27}},"loc":{"start":{"line":75,"column":30},"end":{"line":77,"column":7}},"line":75},"16":{"name":"(anonymous_16)","decl":{"start":{"line":83,"column":11},"end":{"line":83,"column":12}},"loc":{"start":{"line":83,"column":23},"end":{"line":119,"column":5}},"line":83},"17":{"name":"_callee2","decl":{"start":{"line":86,"column":39},"end":{"line":86,"column":47}},"loc":{"start":{"line":86,"column":50},"end":{"line":112,"column":7}},"line":86},"18":{"name":"_callee2$","decl":{"start":{"line":88,"column":48},"end":{"line":88,"column":57}},"loc":{"start":{"line":88,"column":69},"end":{"line":111,"column":9}},"line":88},"19":{"name":"insertAdmin","decl":{"start":{"line":114,"column":15},"end":{"line":114,"column":26}},"loc":{"start":{"line":114,"column":29},"end":{"line":116,"column":7}},"line":114},"20":{"name":"(anonymous_20)","decl":{"start":{"line":122,"column":11},"end":{"line":122,"column":12}},"loc":{"start":{"line":122,"column":23},"end":{"line":158,"column":5}},"line":122},"21":{"name":"_callee3","decl":{"start":{"line":125,"column":39},"end":{"line":125,"column":47}},"loc":{"start":{"line":125,"column":50},"end":{"line":151,"column":7}},"line":125},"22":{"name":"_callee3$","decl":{"start":{"line":127,"column":48},"end":{"line":127,"column":57}},"loc":{"start":{"line":127,"column":69},"end":{"line":150,"column":9}},"line":127},"23":{"name":"dropTables","decl":{"start":{"line":153,"column":15},"end":{"line":153,"column":25}},"loc":{"start":{"line":153,"column":28},"end":{"line":155,"column":7}},"line":153}},"branchMap":{"0":{"loc":{"start":{"line":16,"column":46},"end":{"line":16,"column":94}},"type":"cond-expr","locations":[{"start":{"line":16,"column":70},"end":{"line":16,"column":73}},{"start":{"line":16,"column":76},"end":{"line":16,"column":94}}],"line":16},"1":{"loc":{"start":{"line":16,"column":46},"end":{"line":16,"column":67}},"type":"binary-expr","locations":[{"start":{"line":16,"column":46},"end":{"line":16,"column":49}},{"start":{"line":16,"column":53},"end":{"line":16,"column":67}}],"line":16},"2":{"loc":{"start":{"line":18,"column":176},"end":{"line":18,"column":263}},"type":"if","locations":[{"start":{"line":18,"column":176},"end":{"line":18,"column":263}},{"start":{"line":18,"column":176},"end":{"line":18,"column":263}}],"line":18},"3":{"loc":{"start":{"line":22,"column":50},"end":{"line":22,"column":151}},"type":"if","locations":[{"start":{"line":22,"column":50},"end":{"line":22,"column":151}},{"start":{"line":22,"column":50},"end":{"line":22,"column":151}}],"line":22},"4":{"loc":{"start":{"line":24,"column":136},"end":{"line":24,"column":166}},"type":"binary-expr","locations":[{"start":{"line":24,"column":136},"end":{"line":24,"column":157}},{"start":{"line":24,"column":161},"end":{"line":24,"column":166}}],"line":24},"5":{"loc":{"start":{"line":24,"column":200},"end":{"line":24,"column":254}},"type":"if","locations":[{"start":{"line":24,"column":200},"end":{"line":24,"column":254}},{"start":{"line":24,"column":200},"end":{"line":24,"column":254}}],"line":24},"6":{"loc":{"start":{"line":26,"column":62},"end":{"line":26,"column":131}},"type":"if","locations":[{"start":{"line":26,"column":62},"end":{"line":26,"column":131}},{"start":{"line":26,"column":62},"end":{"line":26,"column":131}}],"line":26},"7":{"loc":{"start":{"line":26,"column":132},"end":{"line":26,"column":193}},"type":"if","locations":[{"start":{"line":26,"column":132},"end":{"line":26,"column":193}},{"start":{"line":26,"column":132},"end":{"line":26,"column":193}}],"line":26},"8":{"loc":{"start":{"line":44,"column":12},"end":{"line":70,"column":13}},"type":"switch","locations":[{"start":{"line":45,"column":14},"end":{"line":52,"column":59}},{"start":{"line":54,"column":14},"end":{"line":56,"column":58}},{"start":{"line":58,"column":14},"end":{"line":60,"column":22}},{"start":{"line":62,"column":14},"end":{"line":65,"column":62}},{"start":{"line":67,"column":14},"end":{"line":67,"column":22}},{"start":{"line":68,"column":14},"end":{"line":69,"column":39}}],"line":44},"9":{"loc":{"start":{"line":90,"column":12},"end":{"line":109,"column":13}},"type":"switch","locations":[{"start":{"line":91,"column":14},"end":{"line":95,"column":58}},{"start":{"line":97,"column":14},"end":{"line":99,"column":22}},{"start":{"line":101,"column":14},"end":{"line":104,"column":64}},{"start":{"line":106,"column":14},"end":{"line":106,"column":21}},{"start":{"line":107,"column":14},"end":{"line":108,"column":40}}],"line":90},"10":{"loc":{"start":{"line":129,"column":12},"end":{"line":148,"column":13}},"type":"switch","locations":[{"start":{"line":130,"column":14},"end":{"line":134,"column":62}},{"start":{"line":136,"column":14},"end":{"line":138,"column":22}},{"start":{"line":140,"column":14},"end":{"line":143,"column":64}},{"start":{"line":145,"column":14},"end":{"line":145,"column":21}},{"start":{"line":146,"column":14},"end":{"line":147,"column":40}}],"line":129}},"s":{"0":1,"1":1,"2":1,"3":1,"4":1,"5":1,"6":4,"7":3,"8":3,"9":3,"10":0,"11":0,"12":3,"13":1,"14":2,"15":3,"16":2,"17":2,"18":2,"19":2,"20":2,"21":1,"22":2,"23":0,"24":0,"25":1,"26":1,"27":3,"28":3,"29":3,"30":3,"31":3,"32":3,"33":1,"34":0,"35":1,"36":1,"37":1,"38":1,"39":0,"40":1,"41":1,"42":1,"43":1,"44":1,"45":1,"46":1,"47":1,"48":1,"49":1,"50":1,"51":1,"52":0,"53":0,"54":0,"55":0,"56":0,"57":0,"58":0,"59":0,"60":1,"61":1,"62":1,"63":0,"64":0,"65":0,"66":0,"67":0,"68":0,"69":0,"70":0,"71":0,"72":0,"73":0,"74":0,"75":0,"76":0,"77":1,"78":1,"79":1,"80":3,"81":3,"82":1,"83":1,"84":1,"85":1,"86":0,"87":0,"88":1,"89":1,"90":1,"91":1,"92":1,"93":1,"94":1,"95":1,"96":1,"97":1,"98":1},"f":{"0":4,"1":3,"2":3,"3":2,"4":2,"5":2,"6":1,"7":0,"8":1,"9":1,"10":1,"11":0,"12":1,"13":1,"14":1,"15":1,"16":1,"17":0,"18":0,"19":0,"20":1,"21":1,"22":3,"23":1},"b":{"0":[3,1],"1":[4,4],"2":[1,2],"3":[0,0],"4":[3,3],"5":[3,0],"6":[0,1],"7":[1,0],"8":[1,0,0,0,0,0],"9":[0,0,0,0,0],"10":[1,0,1,0,1]},"_coverageSchema":"43e27e138ebf9cfc5966b082cf9a028302ed4184","hash":"f4e3877d8df5c2e663280ff063370530ac51e86d","contentHash":"73479e937debdc5651617f527a9749bd66b9bef70181b03d676a51ee812bd3f8"},"/home/emile/Desktop/Banka-iii/src/tests/validationTests.js":{"path":"/home/emile/Desktop/Banka-iii/src/tests/validationTests.js","statementMap":{"0":{"start":{"line":3,"column":12},"end":{"line":3,"column":51}},"1":{"start":{"line":5,"column":16},"end":{"line":5,"column":60}},"2":{"start":{"line":7,"column":14},"end":{"line":7,"column":58}},"3":{"start":{"line":9,"column":22},"end":{"line":9,"column":82}},"4":{"start":{"line":11,"column":39},"end":{"line":11,"column":95}},"5":{"start":{"line":14,"column":0},"end":{"line":14,"column":43}},"6":{"start":{"line":16,"column":0},"end":{"line":16,"column":26}},"7":{"start":{"line":19,"column":13},"end":{"line":24,"column":3}},"8":{"start":{"line":26,"column":14},"end":{"line":26,"column":56}},"9":{"start":{"line":28,"column":2},"end":{"line":28,"column":26}},"10":{"start":{"line":31,"column":0},"end":{"line":111,"column":3}},"11":{"start":{"line":33,"column":2},"end":{"line":49,"column":5}},"12":{"start":{"line":34,"column":15},"end":{"line":42,"column":5}},"13":{"start":{"line":44,"column":4},"end":{"line":46,"column":7}},"14":{"start":{"line":45,"column":6},"end":{"line":45,"column":43}},"15":{"start":{"line":48,"column":4},"end":{"line":48,"column":11}},"16":{"start":{"line":51,"column":2},"end":{"line":67,"column":5}},"17":{"start":{"line":52,"column":15},"end":{"line":60,"column":5}},"18":{"start":{"line":62,"column":4},"end":{"line":64,"column":7}},"19":{"start":{"line":63,"column":6},"end":{"line":63,"column":43}},"20":{"start":{"line":66,"column":4},"end":{"line":66,"column":11}},"21":{"start":{"line":69,"column":2},"end":{"line":85,"column":5}},"22":{"start":{"line":70,"column":15},"end":{"line":78,"column":5}},"23":{"start":{"line":80,"column":4},"end":{"line":82,"column":7}},"24":{"start":{"line":81,"column":6},"end":{"line":81,"column":43}},"25":{"start":{"line":84,"column":4},"end":{"line":84,"column":11}},"26":{"start":{"line":87,"column":2},"end":{"line":97,"column":5}},"27":{"start":{"line":88,"column":15},"end":{"line":90,"column":5}},"28":{"start":{"line":92,"column":4},"end":{"line":94,"column":7}},"29":{"start":{"line":93,"column":6},"end":{"line":93,"column":43}},"30":{"start":{"line":96,"column":4},"end":{"line":96,"column":11}},"31":{"start":{"line":99,"column":2},"end":{"line":110,"column":5}},"32":{"start":{"line":100,"column":18},"end":{"line":102,"column":5}},"33":{"start":{"line":104,"column":4},"end":{"line":107,"column":7}},"34":{"start":{"line":105,"column":6},"end":{"line":105,"column":38}},"35":{"start":{"line":106,"column":6},"end":{"line":106,"column":13}},"36":{"start":{"line":109,"column":4},"end":{"line":109,"column":11}}},"fnMap":{"0":{"name":"_interopRequireDefault","decl":{"start":{"line":11,"column":9},"end":{"line":11,"column":31}},"loc":{"start":{"line":11,"column":37},"end":{"line":11,"column":97}},"line":11},"1":{"name":"toks","decl":{"start":{"line":18,"column":9},"end":{"line":18,"column":13}},"loc":{"start":{"line":18,"column":16},"end":{"line":29,"column":1}},"line":18},"2":{"name":"(anonymous_2)","decl":{"start":{"line":31,"column":29},"end":{"line":31,"column":30}},"loc":{"start":{"line":31,"column":41},"end":{"line":111,"column":1}},"line":31},"3":{"name":"(anonymous_3)","decl":{"start":{"line":33,"column":32},"end":{"line":33,"column":33}},"loc":{"start":{"line":33,"column":48},"end":{"line":49,"column":3}},"line":33},"4":{"name":"(anonymous_4)","decl":{"start":{"line":44,"column":92},"end":{"line":44,"column":93}},"loc":{"start":{"line":44,"column":112},"end":{"line":46,"column":5}},"line":44},"5":{"name":"(anonymous_5)","decl":{"start":{"line":51,"column":29},"end":{"line":51,"column":30}},"loc":{"start":{"line":51,"column":45},"end":{"line":67,"column":3}},"line":51},"6":{"name":"(anonymous_6)","decl":{"start":{"line":62,"column":92},"end":{"line":62,"column":93}},"loc":{"start":{"line":62,"column":112},"end":{"line":64,"column":5}},"line":62},"7":{"name":"(anonymous_7)","decl":{"start":{"line":69,"column":33},"end":{"line":69,"column":34}},"loc":{"start":{"line":69,"column":49},"end":{"line":85,"column":3}},"line":69},"8":{"name":"(anonymous_8)","decl":{"start":{"line":80,"column":92},"end":{"line":80,"column":93}},"loc":{"start":{"line":80,"column":112},"end":{"line":82,"column":5}},"line":80},"9":{"name":"(anonymous_9)","decl":{"start":{"line":87,"column":51},"end":{"line":87,"column":52}},"loc":{"start":{"line":87,"column":67},"end":{"line":97,"column":3}},"line":87},"10":{"name":"(anonymous_10)","decl":{"start":{"line":92,"column":92},"end":{"line":92,"column":93}},"loc":{"start":{"line":92,"column":112},"end":{"line":94,"column":5}},"line":92},"11":{"name":"(anonymous_11)","decl":{"start":{"line":99,"column":32},"end":{"line":99,"column":33}},"loc":{"start":{"line":99,"column":48},"end":{"line":110,"column":3}},"line":99},"12":{"name":"(anonymous_12)","decl":{"start":{"line":104,"column":121},"end":{"line":104,"column":122}},"loc":{"start":{"line":104,"column":141},"end":{"line":107,"column":5}},"line":104}},"branchMap":{"0":{"loc":{"start":{"line":11,"column":46},"end":{"line":11,"column":94}},"type":"cond-expr","locations":[{"start":{"line":11,"column":70},"end":{"line":11,"column":73}},{"start":{"line":11,"column":76},"end":{"line":11,"column":94}}],"line":11},"1":{"loc":{"start":{"line":11,"column":46},"end":{"line":11,"column":67}},"type":"binary-expr","locations":[{"start":{"line":11,"column":46},"end":{"line":11,"column":49}},{"start":{"line":11,"column":53},"end":{"line":11,"column":67}}],"line":11}},"s":{"0":1,"1":1,"2":1,"3":1,"4":4,"5":1,"6":1,"7":0,"8":0,"9":0,"10":1,"11":1,"12":1,"13":1,"14":1,"15":1,"16":1,"17":1,"18":1,"19":1,"20":1,"21":1,"22":1,"23":1,"24":1,"25":1,"26":1,"27":1,"28":1,"29":1,"30":1,"31":1,"32":1,"33":1,"34":0,"35":0,"36":0},"f":{"0":4,"1":0,"2":1,"3":1,"4":1,"5":1,"6":1,"7":1,"8":1,"9":1,"10":1,"11":1,"12":0},"b":{"0":[2,2],"1":[4,4]},"_coverageSchema":"43e27e138ebf9cfc5966b082cf9a028302ed4184","hash":"87cf6e6b37bda71594a2e82aa81d50c91c327c5c","contentHash":"991aed5be1680d84d473395564003d514d0513acc35eb28a4a8e552ef1e74780"}}